INFO:root:
Selector: High Level Ordering of Strategies
| Sequence: Defense Strategy
| | Check: weak_planet_under_threat
| | Action: reinforce_weak_planets
| Sequence: Spread Strategy
| | Check: if_neutral_planet_available
| | Action: spread_to_weakest_neutral_planet
| Sequence: Offensive Strategy
| | Check: have_largest_fleet
| | Action: attack_weakest_enemy_planet

DEBUG:root:Executing:Selector: High Level Ordering of Strategies
DEBUG:root:Executing:Sequence: Defense Strategy
DEBUG:root:Executing:Check: weak_planet_under_threat
DEBUG:root:Result: Check: weak_planet_under_threat -> Failure
DEBUG:root:Result: Sequence: Defense Strategy -> Failure
DEBUG:root:Executing:Sequence: Spread Strategy
DEBUG:root:Executing:Check: if_neutral_planet_available
DEBUG:root:Result: Check: if_neutral_planet_available -> Success
DEBUG:root:Executing:Action: spread_to_weakest_neutral_planet
DEBUG:root:Order:1 12 13
DEBUG:root:Order:1 11 13
DEBUG:root:Order:1 18 5
DEBUG:root:Order:1 0 38
DEBUG:root:Order:1 6 23
DEBUG:root:Result: Action: spread_to_weakest_neutral_planet -> Success
DEBUG:root:Result: Sequence: Spread Strategy -> Success
DEBUG:root:Result: Selector: High Level Ordering of Strategies -> Success
DEBUG:root:Finish turn

DEBUG:root:Executing:Selector: High Level Ordering of Strategies
DEBUG:root:Executing:Sequence: Defense Strategy
DEBUG:root:Executing:Check: weak_planet_under_threat
DEBUG:root:Result: Check: weak_planet_under_threat -> Failure
DEBUG:root:Result: Sequence: Defense Strategy -> Failure
DEBUG:root:Executing:Sequence: Spread Strategy
DEBUG:root:Executing:Check: if_neutral_planet_available
DEBUG:root:Result: Check: if_neutral_planet_available -> Success
DEBUG:root:Executing:Action: spread_to_weakest_neutral_planet
DEBUG:root:Result: Action: spread_to_weakest_neutral_planet -> Failure
DEBUG:root:Result: Sequence: Spread Strategy -> Failure
DEBUG:root:Executing:Sequence: Offensive Strategy
DEBUG:root:Executing:Check: have_largest_fleet
DEBUG:root:Result: Check: have_largest_fleet -> Failure
DEBUG:root:Result: Sequence: Offensive Strategy -> Failure
DEBUG:root:Result: Selector: High Level Ordering of Strategies -> Failure
DEBUG:root:Finish turn

DEBUG:root:Executing:Selector: High Level Ordering of Strategies
DEBUG:root:Executing:Sequence: Defense Strategy
DEBUG:root:Executing:Check: weak_planet_under_threat
DEBUG:root:Result: Check: weak_planet_under_threat -> Failure
DEBUG:root:Result: Sequence: Defense Strategy -> Failure
DEBUG:root:Executing:Sequence: Spread Strategy
DEBUG:root:Executing:Check: if_neutral_planet_available
DEBUG:root:Result: Check: if_neutral_planet_available -> Success
DEBUG:root:Executing:Action: spread_to_weakest_neutral_planet
DEBUG:root:Result: Action: spread_to_weakest_neutral_planet -> Failure
DEBUG:root:Result: Sequence: Spread Strategy -> Failure
DEBUG:root:Executing:Sequence: Offensive Strategy
DEBUG:root:Executing:Check: have_largest_fleet
DEBUG:root:Result: Check: have_largest_fleet -> Failure
DEBUG:root:Result: Sequence: Offensive Strategy -> Failure
DEBUG:root:Result: Selector: High Level Ordering of Strategies -> Failure
DEBUG:root:Finish turn

DEBUG:root:Executing:Selector: High Level Ordering of Strategies
DEBUG:root:Executing:Sequence: Defense Strategy
DEBUG:root:Executing:Check: weak_planet_under_threat
DEBUG:root:Result: Check: weak_planet_under_threat -> Failure
DEBUG:root:Result: Sequence: Defense Strategy -> Failure
DEBUG:root:Executing:Sequence: Spread Strategy
DEBUG:root:Executing:Check: if_neutral_planet_available
DEBUG:root:Result: Check: if_neutral_planet_available -> Success
DEBUG:root:Executing:Action: spread_to_weakest_neutral_planet
DEBUG:root:Result: Action: spread_to_weakest_neutral_planet -> Failure
DEBUG:root:Result: Sequence: Spread Strategy -> Failure
DEBUG:root:Executing:Sequence: Offensive Strategy
DEBUG:root:Executing:Check: have_largest_fleet
DEBUG:root:Result: Check: have_largest_fleet -> Failure
DEBUG:root:Result: Sequence: Offensive Strategy -> Failure
DEBUG:root:Result: Selector: High Level Ordering of Strategies -> Failure
DEBUG:root:Finish turn

DEBUG:root:Executing:Selector: High Level Ordering of Strategies
DEBUG:root:Executing:Sequence: Defense Strategy
DEBUG:root:Executing:Check: weak_planet_under_threat
DEBUG:root:Result: Check: weak_planet_under_threat -> Failure
DEBUG:root:Result: Sequence: Defense Strategy -> Failure
DEBUG:root:Executing:Sequence: Spread Strategy
DEBUG:root:Executing:Check: if_neutral_planet_available
DEBUG:root:Result: Check: if_neutral_planet_available -> Success
DEBUG:root:Executing:Action: spread_to_weakest_neutral_planet
DEBUG:root:Result: Action: spread_to_weakest_neutral_planet -> Failure
DEBUG:root:Result: Sequence: Spread Strategy -> Failure
DEBUG:root:Executing:Sequence: Offensive Strategy
DEBUG:root:Executing:Check: have_largest_fleet
DEBUG:root:Result: Check: have_largest_fleet -> Failure
DEBUG:root:Result: Sequence: Offensive Strategy -> Failure
DEBUG:root:Result: Selector: High Level Ordering of Strategies -> Failure
DEBUG:root:Finish turn

DEBUG:root:Executing:Selector: High Level Ordering of Strategies
DEBUG:root:Executing:Sequence: Defense Strategy
DEBUG:root:Executing:Check: weak_planet_under_threat
DEBUG:root:Result: Check: weak_planet_under_threat -> Failure
DEBUG:root:Result: Sequence: Defense Strategy -> Failure
DEBUG:root:Executing:Sequence: Spread Strategy
DEBUG:root:Executing:Check: if_neutral_planet_available
DEBUG:root:Result: Check: if_neutral_planet_available -> Success
DEBUG:root:Executing:Action: spread_to_weakest_neutral_planet
DEBUG:root:Result: Action: spread_to_weakest_neutral_planet -> Failure
DEBUG:root:Result: Sequence: Spread Strategy -> Failure
DEBUG:root:Executing:Sequence: Offensive Strategy
DEBUG:root:Executing:Check: have_largest_fleet
DEBUG:root:Result: Check: have_largest_fleet -> Failure
DEBUG:root:Result: Sequence: Offensive Strategy -> Failure
DEBUG:root:Result: Selector: High Level Ordering of Strategies -> Failure
DEBUG:root:Finish turn

DEBUG:root:Executing:Selector: High Level Ordering of Strategies
DEBUG:root:Executing:Sequence: Defense Strategy
DEBUG:root:Executing:Check: weak_planet_under_threat
DEBUG:root:Result: Check: weak_planet_under_threat -> Failure
DEBUG:root:Result: Sequence: Defense Strategy -> Failure
DEBUG:root:Executing:Sequence: Spread Strategy
DEBUG:root:Executing:Check: if_neutral_planet_available
DEBUG:root:Result: Check: if_neutral_planet_available -> Success
DEBUG:root:Executing:Action: spread_to_weakest_neutral_planet
DEBUG:root:Result: Action: spread_to_weakest_neutral_planet -> Failure
DEBUG:root:Result: Sequence: Spread Strategy -> Failure
DEBUG:root:Executing:Sequence: Offensive Strategy
DEBUG:root:Executing:Check: have_largest_fleet
DEBUG:root:Result: Check: have_largest_fleet -> Success
DEBUG:root:Executing:Action: attack_weakest_enemy_planet
DEBUG:root:Bad order:1 38.0 120.0
DEBUG:root:Order:1 9 26.0
DEBUG:root:Result: Action: attack_weakest_enemy_planet -> Success
DEBUG:root:Result: Sequence: Offensive Strategy -> Success
DEBUG:root:Result: Selector: High Level Ordering of Strategies -> Success
DEBUG:root:Finish turn

DEBUG:root:Executing:Selector: High Level Ordering of Strategies
DEBUG:root:Executing:Sequence: Defense Strategy
DEBUG:root:Executing:Check: weak_planet_under_threat
DEBUG:root:Result: Check: weak_planet_under_threat -> Success
DEBUG:root:Executing:Action: reinforce_weak_planets
DEBUG:root:Order:1 18 5.0
DEBUG:root:Result: Action: reinforce_weak_planets -> Success
DEBUG:root:Result: Sequence: Defense Strategy -> Success
DEBUG:root:Result: Selector: High Level Ordering of Strategies -> Success
DEBUG:root:Finish turn

DEBUG:root:Executing:Selector: High Level Ordering of Strategies
DEBUG:root:Executing:Sequence: Defense Strategy
DEBUG:root:Executing:Check: weak_planet_under_threat
DEBUG:root:Result: Check: weak_planet_under_threat -> Success
DEBUG:root:Executing:Action: reinforce_weak_planets
DEBUG:root:Order:1 18 3.0
DEBUG:root:Result: Action: reinforce_weak_planets -> Success
DEBUG:root:Result: Sequence: Defense Strategy -> Success
DEBUG:root:Result: Selector: High Level Ordering of Strategies -> Success
DEBUG:root:Finish turn

DEBUG:root:Executing:Selector: High Level Ordering of Strategies
DEBUG:root:Executing:Sequence: Defense Strategy
DEBUG:root:Executing:Check: weak_planet_under_threat
DEBUG:root:Result: Check: weak_planet_under_threat -> Success
DEBUG:root:Executing:Action: reinforce_weak_planets
DEBUG:root:Result: Action: reinforce_weak_planets -> Failure
DEBUG:root:Result: Sequence: Defense Strategy -> Failure
DEBUG:root:Executing:Sequence: Spread Strategy
DEBUG:root:Executing:Check: if_neutral_planet_available
DEBUG:root:Result: Check: if_neutral_planet_available -> Success
DEBUG:root:Executing:Action: spread_to_weakest_neutral_planet
DEBUG:root:Result: Action: spread_to_weakest_neutral_planet -> Failure
DEBUG:root:Result: Sequence: Spread Strategy -> Failure
DEBUG:root:Executing:Sequence: Offensive Strategy
DEBUG:root:Executing:Check: have_largest_fleet
DEBUG:root:Result: Check: have_largest_fleet -> Success
DEBUG:root:Executing:Action: attack_weakest_enemy_planet
DEBUG:root:Bad order:1 19.0 135.0
DEBUG:root:Bad order:1 19.0 29.0
DEBUG:root:Bad order:1 19.0 36.0
DEBUG:root:Result: Action: attack_weakest_enemy_planet -> Success
DEBUG:root:Result: Sequence: Offensive Strategy -> Success
DEBUG:root:Result: Selector: High Level Ordering of Strategies -> Success
DEBUG:root:Finish turn

DEBUG:root:Executing:Selector: High Level Ordering of Strategies
DEBUG:root:Executing:Sequence: Defense Strategy
DEBUG:root:Executing:Check: weak_planet_under_threat
DEBUG:root:Result: Check: weak_planet_under_threat -> Failure
DEBUG:root:Result: Sequence: Defense Strategy -> Failure
DEBUG:root:Executing:Sequence: Spread Strategy
DEBUG:root:Executing:Check: if_neutral_planet_available
DEBUG:root:Result: Check: if_neutral_planet_available -> Success
DEBUG:root:Executing:Action: spread_to_weakest_neutral_planet
DEBUG:root:Result: Action: spread_to_weakest_neutral_planet -> Failure
DEBUG:root:Result: Sequence: Spread Strategy -> Failure
DEBUG:root:Executing:Sequence: Offensive Strategy
DEBUG:root:Executing:Check: have_largest_fleet
DEBUG:root:Result: Check: have_largest_fleet -> Success
DEBUG:root:Executing:Action: attack_weakest_enemy_planet
DEBUG:root:Bad order:1 24.0 117.0
DEBUG:root:Bad order:1 24.0 30.0
DEBUG:root:Bad order:1 24.0 38.0
DEBUG:root:Result: Action: attack_weakest_enemy_planet -> Success
DEBUG:root:Result: Sequence: Offensive Strategy -> Success
DEBUG:root:Result: Selector: High Level Ordering of Strategies -> Success
DEBUG:root:Finish turn

DEBUG:root:Executing:Selector: High Level Ordering of Strategies
DEBUG:root:Executing:Sequence: Defense Strategy
DEBUG:root:Executing:Check: weak_planet_under_threat
DEBUG:root:Result: Check: weak_planet_under_threat -> Success
DEBUG:root:Executing:Action: reinforce_weak_planets
DEBUG:root:Order:1 12 13.0
DEBUG:root:Result: Action: reinforce_weak_planets -> Success
DEBUG:root:Result: Sequence: Defense Strategy -> Success
DEBUG:root:Result: Selector: High Level Ordering of Strategies -> Success
DEBUG:root:Finish turn

DEBUG:root:Executing:Selector: High Level Ordering of Strategies
DEBUG:root:Executing:Sequence: Defense Strategy
DEBUG:root:Executing:Check: weak_planet_under_threat
DEBUG:root:Result: Check: weak_planet_under_threat -> Success
DEBUG:root:Executing:Action: reinforce_weak_planets
DEBUG:root:Order:1 12 8.0
DEBUG:root:Result: Action: reinforce_weak_planets -> Success
DEBUG:root:Result: Sequence: Defense Strategy -> Success
DEBUG:root:Result: Selector: High Level Ordering of Strategies -> Success
DEBUG:root:Finish turn

DEBUG:root:Executing:Selector: High Level Ordering of Strategies
DEBUG:root:Executing:Sequence: Defense Strategy
DEBUG:root:Executing:Check: weak_planet_under_threat
DEBUG:root:Result: Check: weak_planet_under_threat -> Success
DEBUG:root:Executing:Action: reinforce_weak_planets
DEBUG:root:Order:1 12 3.0
DEBUG:root:Result: Action: reinforce_weak_planets -> Success
DEBUG:root:Result: Sequence: Defense Strategy -> Success
DEBUG:root:Result: Selector: High Level Ordering of Strategies -> Success
DEBUG:root:Finish turn

DEBUG:root:Executing:Selector: High Level Ordering of Strategies
DEBUG:root:Executing:Sequence: Defense Strategy
DEBUG:root:Executing:Check: weak_planet_under_threat
DEBUG:root:Result: Check: weak_planet_under_threat -> Failure
DEBUG:root:Result: Sequence: Defense Strategy -> Failure
DEBUG:root:Executing:Sequence: Spread Strategy
DEBUG:root:Executing:Check: if_neutral_planet_available
DEBUG:root:Result: Check: if_neutral_planet_available -> Success
DEBUG:root:Executing:Action: spread_to_weakest_neutral_planet
DEBUG:root:Result: Action: spread_to_weakest_neutral_planet -> Failure
DEBUG:root:Result: Sequence: Spread Strategy -> Failure
DEBUG:root:Executing:Sequence: Offensive Strategy
DEBUG:root:Executing:Check: have_largest_fleet
DEBUG:root:Result: Check: have_largest_fleet -> Success
DEBUG:root:Executing:Action: attack_weakest_enemy_planet
DEBUG:root:Bad order:1 20.0 137.0
DEBUG:root:Bad order:1 20.0 34.0
DEBUG:root:Bad order:1 20.0 46.0
DEBUG:root:Result: Action: attack_weakest_enemy_planet -> Success
DEBUG:root:Result: Sequence: Offensive Strategy -> Success
DEBUG:root:Result: Selector: High Level Ordering of Strategies -> Success
DEBUG:root:Finish turn

DEBUG:root:Executing:Selector: High Level Ordering of Strategies
DEBUG:root:Executing:Sequence: Defense Strategy
DEBUG:root:Executing:Check: weak_planet_under_threat
DEBUG:root:Result: Check: weak_planet_under_threat -> Failure
DEBUG:root:Result: Sequence: Defense Strategy -> Failure
DEBUG:root:Executing:Sequence: Spread Strategy
DEBUG:root:Executing:Check: if_neutral_planet_available
DEBUG:root:Result: Check: if_neutral_planet_available -> Success
DEBUG:root:Executing:Action: spread_to_weakest_neutral_planet
DEBUG:root:Result: Action: spread_to_weakest_neutral_planet -> Failure
DEBUG:root:Result: Sequence: Spread Strategy -> Failure
DEBUG:root:Executing:Sequence: Offensive Strategy
DEBUG:root:Executing:Check: have_largest_fleet
DEBUG:root:Result: Check: have_largest_fleet -> Success
DEBUG:root:Executing:Action: attack_weakest_enemy_planet
DEBUG:root:Bad order:1 25.0 142.0
DEBUG:root:Bad order:1 25.0 35.0
DEBUG:root:Bad order:1 25.0 48.0
DEBUG:root:Result: Action: attack_weakest_enemy_planet -> Success
DEBUG:root:Result: Sequence: Offensive Strategy -> Success
DEBUG:root:Result: Selector: High Level Ordering of Strategies -> Success
DEBUG:root:Finish turn

DEBUG:root:Executing:Selector: High Level Ordering of Strategies
DEBUG:root:Executing:Sequence: Defense Strategy
DEBUG:root:Executing:Check: weak_planet_under_threat
DEBUG:root:Result: Check: weak_planet_under_threat -> Success
DEBUG:root:Executing:Action: reinforce_weak_planets
DEBUG:root:Order:1 6 24.0
DEBUG:root:Result: Action: reinforce_weak_planets -> Success
DEBUG:root:Result: Sequence: Defense Strategy -> Success
DEBUG:root:Result: Selector: High Level Ordering of Strategies -> Success
DEBUG:root:Finish turn

DEBUG:root:Executing:Selector: High Level Ordering of Strategies
DEBUG:root:Executing:Sequence: Defense Strategy
DEBUG:root:Executing:Check: weak_planet_under_threat
DEBUG:root:Result: Check: weak_planet_under_threat -> Success
DEBUG:root:Executing:Action: reinforce_weak_planets
DEBUG:root:Order:12 6 23.0
DEBUG:root:Result: Action: reinforce_weak_planets -> Success
DEBUG:root:Result: Sequence: Defense Strategy -> Success
DEBUG:root:Result: Selector: High Level Ordering of Strategies -> Success
DEBUG:root:Finish turn

DEBUG:root:Executing:Selector: High Level Ordering of Strategies
DEBUG:root:Executing:Sequence: Defense Strategy
DEBUG:root:Executing:Check: weak_planet_under_threat
DEBUG:root:Result: Check: weak_planet_under_threat -> Success
DEBUG:root:Executing:Action: reinforce_weak_planets
DEBUG:root:Order:18 6 22.0
DEBUG:root:Result: Action: reinforce_weak_planets -> Success
DEBUG:root:Result: Sequence: Defense Strategy -> Success
DEBUG:root:Result: Selector: High Level Ordering of Strategies -> Success
DEBUG:root:Finish turn

DEBUG:root:Executing:Selector: High Level Ordering of Strategies
DEBUG:root:Executing:Sequence: Defense Strategy
DEBUG:root:Executing:Check: weak_planet_under_threat
DEBUG:root:Result: Check: weak_planet_under_threat -> Success
DEBUG:root:Executing:Action: reinforce_weak_planets
DEBUG:root:Order:0 6 21.0
DEBUG:root:Result: Action: reinforce_weak_planets -> Success
DEBUG:root:Result: Sequence: Defense Strategy -> Success
DEBUG:root:Result: Selector: High Level Ordering of Strategies -> Success
DEBUG:root:Finish turn

DEBUG:root:Executing:Selector: High Level Ordering of Strategies
DEBUG:root:Executing:Sequence: Defense Strategy
DEBUG:root:Executing:Check: weak_planet_under_threat
DEBUG:root:Result: Check: weak_planet_under_threat -> Success
DEBUG:root:Executing:Action: reinforce_weak_planets
DEBUG:root:Order:1 6 20.0
DEBUG:root:Result: Action: reinforce_weak_planets -> Success
DEBUG:root:Result: Sequence: Defense Strategy -> Success
DEBUG:root:Result: Selector: High Level Ordering of Strategies -> Success
DEBUG:root:Finish turn

DEBUG:root:Executing:Selector: High Level Ordering of Strategies
DEBUG:root:Executing:Sequence: Defense Strategy
DEBUG:root:Executing:Check: weak_planet_under_threat
DEBUG:root:Result: Check: weak_planet_under_threat -> Success
DEBUG:root:Executing:Action: reinforce_weak_planets
DEBUG:root:Result: Action: reinforce_weak_planets -> Failure
DEBUG:root:Result: Sequence: Defense Strategy -> Failure
DEBUG:root:Executing:Sequence: Spread Strategy
DEBUG:root:Executing:Check: if_neutral_planet_available
DEBUG:root:Result: Check: if_neutral_planet_available -> Success
DEBUG:root:Executing:Action: spread_to_weakest_neutral_planet
DEBUG:root:Result: Action: spread_to_weakest_neutral_planet -> Failure
DEBUG:root:Result: Sequence: Spread Strategy -> Failure
DEBUG:root:Executing:Sequence: Offensive Strategy
DEBUG:root:Executing:Check: have_largest_fleet
DEBUG:root:Result: Check: have_largest_fleet -> Success
DEBUG:root:Executing:Action: attack_weakest_enemy_planet
DEBUG:root:Bad order:11 47.0 88.0
DEBUG:root:Order:11 5 14.0
DEBUG:root:Order:11 9 32.0
DEBUG:root:Bad order:11 1.0 44.0
DEBUG:root:Result: Action: attack_weakest_enemy_planet -> Success
DEBUG:root:Result: Sequence: Offensive Strategy -> Success
DEBUG:root:Result: Selector: High Level Ordering of Strategies -> Success
DEBUG:root:Finish turn

DEBUG:root:Executing:Selector: High Level Ordering of Strategies
DEBUG:root:Executing:Sequence: Defense Strategy
DEBUG:root:Executing:Check: weak_planet_under_threat
DEBUG:root:Result: Check: weak_planet_under_threat -> Success
DEBUG:root:Executing:Action: reinforce_weak_planets
DEBUG:root:Order:12 6 18.0
DEBUG:root:Result: Action: reinforce_weak_planets -> Success
DEBUG:root:Result: Sequence: Defense Strategy -> Success
DEBUG:root:Result: Selector: High Level Ordering of Strategies -> Success
DEBUG:root:Finish turn

DEBUG:root:Executing:Selector: High Level Ordering of Strategies
DEBUG:root:Executing:Sequence: Defense Strategy
DEBUG:root:Executing:Check: weak_planet_under_threat
DEBUG:root:Result: Check: weak_planet_under_threat -> Success
DEBUG:root:Executing:Action: reinforce_weak_planets
DEBUG:root:Order:12 6 17.0
DEBUG:root:Result: Action: reinforce_weak_planets -> Success
DEBUG:root:Result: Sequence: Defense Strategy -> Success
DEBUG:root:Result: Selector: High Level Ordering of Strategies -> Success
DEBUG:root:Finish turn

DEBUG:root:Executing:Selector: High Level Ordering of Strategies
DEBUG:root:Executing:Sequence: Defense Strategy
DEBUG:root:Executing:Check: weak_planet_under_threat
DEBUG:root:Result: Check: weak_planet_under_threat -> Success
DEBUG:root:Executing:Action: reinforce_weak_planets
DEBUG:root:Order:1 6 16.0
DEBUG:root:Result: Action: reinforce_weak_planets -> Success
DEBUG:root:Result: Sequence: Defense Strategy -> Success
DEBUG:root:Result: Selector: High Level Ordering of Strategies -> Success
DEBUG:root:Finish turn

DEBUG:root:Executing:Selector: High Level Ordering of Strategies
DEBUG:root:Executing:Sequence: Defense Strategy
DEBUG:root:Executing:Check: weak_planet_under_threat
DEBUG:root:Result: Check: weak_planet_under_threat -> Success
DEBUG:root:Executing:Action: reinforce_weak_planets
DEBUG:root:Order:12 6 15.0
DEBUG:root:Result: Action: reinforce_weak_planets -> Success
DEBUG:root:Result: Sequence: Defense Strategy -> Success
DEBUG:root:Result: Selector: High Level Ordering of Strategies -> Success
DEBUG:root:Finish turn

DEBUG:root:Executing:Selector: High Level Ordering of Strategies
DEBUG:root:Executing:Sequence: Defense Strategy
DEBUG:root:Executing:Check: weak_planet_under_threat
DEBUG:root:Result: Check: weak_planet_under_threat -> Success
DEBUG:root:Executing:Action: reinforce_weak_planets
DEBUG:root:Order:0 6 14.0
DEBUG:root:Result: Action: reinforce_weak_planets -> Success
DEBUG:root:Result: Sequence: Defense Strategy -> Success
DEBUG:root:Result: Selector: High Level Ordering of Strategies -> Success
DEBUG:root:Finish turn

DEBUG:root:Executing:Selector: High Level Ordering of Strategies
DEBUG:root:Executing:Sequence: Defense Strategy
DEBUG:root:Executing:Check: weak_planet_under_threat
DEBUG:root:Result: Check: weak_planet_under_threat -> Failure
DEBUG:root:Result: Sequence: Defense Strategy -> Failure
DEBUG:root:Executing:Sequence: Spread Strategy
DEBUG:root:Executing:Check: if_neutral_planet_available
DEBUG:root:Result: Check: if_neutral_planet_available -> Success
DEBUG:root:Executing:Action: spread_to_weakest_neutral_planet
DEBUG:root:Result: Action: spread_to_weakest_neutral_planet -> Failure
DEBUG:root:Result: Sequence: Spread Strategy -> Failure
DEBUG:root:Executing:Sequence: Offensive Strategy
DEBUG:root:Executing:Check: have_largest_fleet
DEBUG:root:Result: Check: have_largest_fleet -> Success
DEBUG:root:Executing:Action: attack_weakest_enemy_planet
DEBUG:root:Bad order:6 41.0 122.0
DEBUG:root:Order:6 5 37.0
DEBUG:root:Bad order:6 4.0 45.0
DEBUG:root:Bad order:6 4.0 70.0
DEBUG:root:Result: Action: attack_weakest_enemy_planet -> Success
DEBUG:root:Result: Sequence: Offensive Strategy -> Success
DEBUG:root:Result: Selector: High Level Ordering of Strategies -> Success
DEBUG:root:Finish turn

DEBUG:root:Executing:Selector: High Level Ordering of Strategies
DEBUG:root:Executing:Sequence: Defense Strategy
DEBUG:root:Executing:Check: weak_planet_under_threat
DEBUG:root:Result: Check: weak_planet_under_threat -> Success
DEBUG:root:Executing:Action: reinforce_weak_planets
DEBUG:root:Order:11 0 20.0
DEBUG:root:Result: Action: reinforce_weak_planets -> Success
DEBUG:root:Result: Sequence: Defense Strategy -> Success
DEBUG:root:Result: Selector: High Level Ordering of Strategies -> Success
DEBUG:root:Finish turn

DEBUG:root:Executing:Selector: High Level Ordering of Strategies
DEBUG:root:Executing:Sequence: Defense Strategy
DEBUG:root:Executing:Check: weak_planet_under_threat
DEBUG:root:Result: Check: weak_planet_under_threat -> Success
DEBUG:root:Executing:Action: reinforce_weak_planets
DEBUG:root:Order:1 0 17.0
DEBUG:root:Result: Action: reinforce_weak_planets -> Success
DEBUG:root:Result: Sequence: Defense Strategy -> Success
DEBUG:root:Result: Selector: High Level Ordering of Strategies -> Success
DEBUG:root:Finish turn

DEBUG:root:Executing:Selector: High Level Ordering of Strategies
DEBUG:root:Executing:Sequence: Defense Strategy
DEBUG:root:Executing:Check: weak_planet_under_threat
DEBUG:root:Result: Check: weak_planet_under_threat -> Success
DEBUG:root:Executing:Action: reinforce_weak_planets
DEBUG:root:Order:12 0 14.0
DEBUG:root:Result: Action: reinforce_weak_planets -> Success
DEBUG:root:Result: Sequence: Defense Strategy -> Success
DEBUG:root:Result: Selector: High Level Ordering of Strategies -> Success
DEBUG:root:Finish turn

DEBUG:root:Executing:Selector: High Level Ordering of Strategies
DEBUG:root:Executing:Sequence: Defense Strategy
DEBUG:root:Executing:Check: weak_planet_under_threat
DEBUG:root:Result: Check: weak_planet_under_threat -> Success
DEBUG:root:Executing:Action: reinforce_weak_planets
DEBUG:root:Order:6 0 11.0
DEBUG:root:Result: Action: reinforce_weak_planets -> Success
DEBUG:root:Result: Sequence: Defense Strategy -> Success
DEBUG:root:Result: Selector: High Level Ordering of Strategies -> Success
DEBUG:root:Finish turn

DEBUG:root:Executing:Selector: High Level Ordering of Strategies
DEBUG:root:Executing:Sequence: Defense Strategy
DEBUG:root:Executing:Check: weak_planet_under_threat
DEBUG:root:Result: Check: weak_planet_under_threat -> Success
DEBUG:root:Executing:Action: reinforce_weak_planets
DEBUG:root:Order:0 9 6.0
DEBUG:root:Result: Action: reinforce_weak_planets -> Success
DEBUG:root:Result: Sequence: Defense Strategy -> Success
DEBUG:root:Result: Selector: High Level Ordering of Strategies -> Success
DEBUG:root:Finish turn

DEBUG:root:Executing:Selector: High Level Ordering of Strategies
DEBUG:root:Executing:Sequence: Defense Strategy
DEBUG:root:Executing:Check: weak_planet_under_threat
DEBUG:root:Result: Check: weak_planet_under_threat -> Success
DEBUG:root:Executing:Action: reinforce_weak_planets
DEBUG:root:Order:0 5 12.0
DEBUG:root:Result: Action: reinforce_weak_planets -> Success
DEBUG:root:Result: Sequence: Defense Strategy -> Success
DEBUG:root:Result: Selector: High Level Ordering of Strategies -> Success
DEBUG:root:Finish turn

DEBUG:root:Executing:Selector: High Level Ordering of Strategies
DEBUG:root:Executing:Sequence: Defense Strategy
DEBUG:root:Executing:Check: weak_planet_under_threat
DEBUG:root:Result: Check: weak_planet_under_threat -> Success
DEBUG:root:Executing:Action: reinforce_weak_planets
DEBUG:root:Order:11 5 11.0
DEBUG:root:Result: Action: reinforce_weak_planets -> Success
DEBUG:root:Result: Sequence: Defense Strategy -> Success
DEBUG:root:Result: Selector: High Level Ordering of Strategies -> Success
DEBUG:root:Finish turn

DEBUG:root:Executing:Selector: High Level Ordering of Strategies
DEBUG:root:Executing:Sequence: Defense Strategy
DEBUG:root:Executing:Check: weak_planet_under_threat
DEBUG:root:Result: Check: weak_planet_under_threat -> Success
DEBUG:root:Executing:Action: reinforce_weak_planets
DEBUG:root:Order:11 5 10.0
DEBUG:root:Result: Action: reinforce_weak_planets -> Success
DEBUG:root:Result: Sequence: Defense Strategy -> Success
DEBUG:root:Result: Selector: High Level Ordering of Strategies -> Success
DEBUG:root:Finish turn

DEBUG:root:Executing:Selector: High Level Ordering of Strategies
DEBUG:root:Executing:Sequence: Defense Strategy
DEBUG:root:Executing:Check: weak_planet_under_threat
DEBUG:root:Result: Check: weak_planet_under_threat -> Success
DEBUG:root:Executing:Action: reinforce_weak_planets
DEBUG:root:Order:11 5 9.0
DEBUG:root:Result: Action: reinforce_weak_planets -> Success
DEBUG:root:Result: Sequence: Defense Strategy -> Success
DEBUG:root:Result: Selector: High Level Ordering of Strategies -> Success
DEBUG:root:Finish turn

DEBUG:root:Executing:Selector: High Level Ordering of Strategies
DEBUG:root:Executing:Sequence: Defense Strategy
DEBUG:root:Executing:Check: weak_planet_under_threat
DEBUG:root:Result: Check: weak_planet_under_threat -> Success
DEBUG:root:Executing:Action: reinforce_weak_planets
DEBUG:root:Order:11 5 8.0
DEBUG:root:Result: Action: reinforce_weak_planets -> Success
DEBUG:root:Result: Sequence: Defense Strategy -> Success
DEBUG:root:Result: Selector: High Level Ordering of Strategies -> Success
DEBUG:root:Finish turn

DEBUG:root:Executing:Selector: High Level Ordering of Strategies
DEBUG:root:Executing:Sequence: Defense Strategy
DEBUG:root:Executing:Check: weak_planet_under_threat
DEBUG:root:Result: Check: weak_planet_under_threat -> Success
DEBUG:root:Executing:Action: reinforce_weak_planets
DEBUG:root:Order:11 5 7.0
DEBUG:root:Result: Action: reinforce_weak_planets -> Success
DEBUG:root:Result: Sequence: Defense Strategy -> Success
DEBUG:root:Result: Selector: High Level Ordering of Strategies -> Success
DEBUG:root:Finish turn

DEBUG:root:Executing:Selector: High Level Ordering of Strategies
DEBUG:root:Executing:Sequence: Defense Strategy
DEBUG:root:Executing:Check: weak_planet_under_threat
DEBUG:root:Result: Check: weak_planet_under_threat -> Success
DEBUG:root:Executing:Action: reinforce_weak_planets
DEBUG:root:Order:0 5 6.0
DEBUG:root:Result: Action: reinforce_weak_planets -> Success
DEBUG:root:Result: Sequence: Defense Strategy -> Success
DEBUG:root:Result: Selector: High Level Ordering of Strategies -> Success
DEBUG:root:Finish turn

DEBUG:root:Executing:Selector: High Level Ordering of Strategies
DEBUG:root:Executing:Sequence: Defense Strategy
DEBUG:root:Executing:Check: weak_planet_under_threat
DEBUG:root:Result: Check: weak_planet_under_threat -> Success
DEBUG:root:Executing:Action: reinforce_weak_planets
DEBUG:root:Order:12 9 7.0
DEBUG:root:Result: Action: reinforce_weak_planets -> Success
DEBUG:root:Result: Sequence: Defense Strategy -> Success
DEBUG:root:Result: Selector: High Level Ordering of Strategies -> Success
DEBUG:root:Finish turn

DEBUG:root:Executing:Selector: High Level Ordering of Strategies
DEBUG:root:Executing:Sequence: Defense Strategy
DEBUG:root:Executing:Check: weak_planet_under_threat
DEBUG:root:Result: Check: weak_planet_under_threat -> Success
DEBUG:root:Executing:Action: reinforce_weak_planets
DEBUG:root:Order:12 9 6.0
DEBUG:root:Result: Action: reinforce_weak_planets -> Success
DEBUG:root:Result: Sequence: Defense Strategy -> Success
DEBUG:root:Result: Selector: High Level Ordering of Strategies -> Success
DEBUG:root:Finish turn

DEBUG:root:Executing:Selector: High Level Ordering of Strategies
DEBUG:root:Executing:Sequence: Defense Strategy
DEBUG:root:Executing:Check: weak_planet_under_threat
DEBUG:root:Result: Check: weak_planet_under_threat -> Success
DEBUG:root:Executing:Action: reinforce_weak_planets
DEBUG:root:Order:12 9 5.0
DEBUG:root:Result: Action: reinforce_weak_planets -> Success
DEBUG:root:Result: Sequence: Defense Strategy -> Success
DEBUG:root:Result: Selector: High Level Ordering of Strategies -> Success
DEBUG:root:Finish turn

DEBUG:root:Executing:Selector: High Level Ordering of Strategies
DEBUG:root:Executing:Sequence: Defense Strategy
DEBUG:root:Executing:Check: weak_planet_under_threat
DEBUG:root:Result: Check: weak_planet_under_threat -> Success
DEBUG:root:Executing:Action: reinforce_weak_planets
DEBUG:root:Order:12 9 4.0
DEBUG:root:Result: Action: reinforce_weak_planets -> Success
DEBUG:root:Result: Sequence: Defense Strategy -> Success
DEBUG:root:Result: Selector: High Level Ordering of Strategies -> Success
DEBUG:root:Finish turn

DEBUG:root:Executing:Selector: High Level Ordering of Strategies
DEBUG:root:Executing:Sequence: Defense Strategy
DEBUG:root:Executing:Check: weak_planet_under_threat
DEBUG:root:Result: Check: weak_planet_under_threat -> Success
DEBUG:root:Executing:Action: reinforce_weak_planets
DEBUG:root:Order:12 9 3.0
DEBUG:root:Result: Action: reinforce_weak_planets -> Success
DEBUG:root:Result: Sequence: Defense Strategy -> Success
DEBUG:root:Result: Selector: High Level Ordering of Strategies -> Success
DEBUG:root:Finish turn

DEBUG:root:Executing:Selector: High Level Ordering of Strategies
DEBUG:root:Executing:Sequence: Defense Strategy
DEBUG:root:Executing:Check: weak_planet_under_threat
DEBUG:root:Result: Check: weak_planet_under_threat -> Failure
DEBUG:root:Result: Sequence: Defense Strategy -> Failure
DEBUG:root:Executing:Sequence: Spread Strategy
DEBUG:root:Executing:Check: if_neutral_planet_available
DEBUG:root:Result: Check: if_neutral_planet_available -> Success
DEBUG:root:Executing:Action: spread_to_weakest_neutral_planet
DEBUG:root:Order:6 15 60
DEBUG:root:Order:6 22 59
DEBUG:root:Result: Action: spread_to_weakest_neutral_planet -> Success
DEBUG:root:Result: Sequence: Spread Strategy -> Success
DEBUG:root:Result: Selector: High Level Ordering of Strategies -> Success
DEBUG:root:Finish turn

DEBUG:root:Executing:Selector: High Level Ordering of Strategies
DEBUG:root:Executing:Sequence: Defense Strategy
DEBUG:root:Executing:Check: weak_planet_under_threat
DEBUG:root:Result: Check: weak_planet_under_threat -> Success
DEBUG:root:Executing:Action: reinforce_weak_planets
DEBUG:root:Order:0 5 6.0
DEBUG:root:Result: Action: reinforce_weak_planets -> Success
DEBUG:root:Result: Sequence: Defense Strategy -> Success
DEBUG:root:Result: Selector: High Level Ordering of Strategies -> Success
DEBUG:root:Finish turn

DEBUG:root:Executing:Selector: High Level Ordering of Strategies
DEBUG:root:Executing:Sequence: Defense Strategy
DEBUG:root:Executing:Check: weak_planet_under_threat
DEBUG:root:Result: Check: weak_planet_under_threat -> Success
DEBUG:root:Executing:Action: reinforce_weak_planets
DEBUG:root:Order:12 9 7.0
DEBUG:root:Result: Action: reinforce_weak_planets -> Success
DEBUG:root:Result: Sequence: Defense Strategy -> Success
DEBUG:root:Result: Selector: High Level Ordering of Strategies -> Success
DEBUG:root:Finish turn

DEBUG:root:Executing:Selector: High Level Ordering of Strategies
DEBUG:root:Executing:Sequence: Defense Strategy
DEBUG:root:Executing:Check: weak_planet_under_threat
DEBUG:root:Result: Check: weak_planet_under_threat -> Success
DEBUG:root:Executing:Action: reinforce_weak_planets
DEBUG:root:Order:12 9 6.0
DEBUG:root:Result: Action: reinforce_weak_planets -> Success
DEBUG:root:Result: Sequence: Defense Strategy -> Success
DEBUG:root:Result: Selector: High Level Ordering of Strategies -> Success
DEBUG:root:Finish turn

DEBUG:root:Executing:Selector: High Level Ordering of Strategies
DEBUG:root:Executing:Sequence: Defense Strategy
DEBUG:root:Executing:Check: weak_planet_under_threat
DEBUG:root:Result: Check: weak_planet_under_threat -> Success
DEBUG:root:Executing:Action: reinforce_weak_planets
DEBUG:root:Order:12 9 5.0
DEBUG:root:Result: Action: reinforce_weak_planets -> Success
DEBUG:root:Result: Sequence: Defense Strategy -> Success
DEBUG:root:Result: Selector: High Level Ordering of Strategies -> Success
DEBUG:root:Finish turn

DEBUG:root:Executing:Selector: High Level Ordering of Strategies
DEBUG:root:Executing:Sequence: Defense Strategy
DEBUG:root:Executing:Check: weak_planet_under_threat
DEBUG:root:Result: Check: weak_planet_under_threat -> Success
DEBUG:root:Executing:Action: reinforce_weak_planets
DEBUG:root:Order:11 9 4.0
DEBUG:root:Result: Action: reinforce_weak_planets -> Success
DEBUG:root:Result: Sequence: Defense Strategy -> Success
DEBUG:root:Result: Selector: High Level Ordering of Strategies -> Success
DEBUG:root:Finish turn

DEBUG:root:Executing:Selector: High Level Ordering of Strategies
DEBUG:root:Executing:Sequence: Defense Strategy
DEBUG:root:Executing:Check: weak_planet_under_threat
DEBUG:root:Result: Check: weak_planet_under_threat -> Success
DEBUG:root:Executing:Action: reinforce_weak_planets
DEBUG:root:Order:0 9 3.0
DEBUG:root:Result: Action: reinforce_weak_planets -> Success
DEBUG:root:Result: Sequence: Defense Strategy -> Success
DEBUG:root:Result: Selector: High Level Ordering of Strategies -> Success
DEBUG:root:Finish turn

DEBUG:root:Executing:Selector: High Level Ordering of Strategies
DEBUG:root:Executing:Sequence: Defense Strategy
DEBUG:root:Executing:Check: weak_planet_under_threat
DEBUG:root:Result: Check: weak_planet_under_threat -> Failure
DEBUG:root:Result: Sequence: Defense Strategy -> Failure
DEBUG:root:Executing:Sequence: Spread Strategy
DEBUG:root:Executing:Check: if_neutral_planet_available
DEBUG:root:Result: Check: if_neutral_planet_available -> Success
DEBUG:root:Executing:Action: spread_to_weakest_neutral_planet
DEBUG:root:Order:1 21 59
DEBUG:root:Order:1 13 60
DEBUG:root:Result: Action: spread_to_weakest_neutral_planet -> Success
DEBUG:root:Result: Sequence: Spread Strategy -> Success
DEBUG:root:Result: Selector: High Level Ordering of Strategies -> Success
DEBUG:root:Finish turn

DEBUG:root:Executing:Selector: High Level Ordering of Strategies
DEBUG:root:Executing:Sequence: Defense Strategy
DEBUG:root:Executing:Check: weak_planet_under_threat
DEBUG:root:Result: Check: weak_planet_under_threat -> Failure
DEBUG:root:Result: Sequence: Defense Strategy -> Failure
DEBUG:root:Executing:Sequence: Spread Strategy
DEBUG:root:Executing:Check: if_neutral_planet_available
DEBUG:root:Result: Check: if_neutral_planet_available -> Success
DEBUG:root:Executing:Action: spread_to_weakest_neutral_planet
DEBUG:root:Order:11 16 60
DEBUG:root:Result: Action: spread_to_weakest_neutral_planet -> Success
DEBUG:root:Result: Sequence: Spread Strategy -> Success
DEBUG:root:Result: Selector: High Level Ordering of Strategies -> Success
DEBUG:root:Finish turn

DEBUG:root:Executing:Selector: High Level Ordering of Strategies
DEBUG:root:Executing:Sequence: Defense Strategy
DEBUG:root:Executing:Check: weak_planet_under_threat
DEBUG:root:Result: Check: weak_planet_under_threat -> Failure
DEBUG:root:Result: Sequence: Defense Strategy -> Failure
DEBUG:root:Executing:Sequence: Spread Strategy
DEBUG:root:Executing:Check: if_neutral_planet_available
DEBUG:root:Result: Check: if_neutral_planet_available -> Success
DEBUG:root:Executing:Action: spread_to_weakest_neutral_planet
DEBUG:root:Order:12 4 82
DEBUG:root:Result: Action: spread_to_weakest_neutral_planet -> Success
DEBUG:root:Result: Sequence: Spread Strategy -> Success
DEBUG:root:Result: Selector: High Level Ordering of Strategies -> Success
DEBUG:root:Finish turn

DEBUG:root:Executing:Selector: High Level Ordering of Strategies
DEBUG:root:Executing:Sequence: Defense Strategy
DEBUG:root:Executing:Check: weak_planet_under_threat
DEBUG:root:Result: Check: weak_planet_under_threat -> Success
DEBUG:root:Executing:Action: reinforce_weak_planets
DEBUG:root:Order:0 9 2.0
DEBUG:root:Result: Action: reinforce_weak_planets -> Success
DEBUG:root:Result: Sequence: Defense Strategy -> Success
DEBUG:root:Result: Selector: High Level Ordering of Strategies -> Success
DEBUG:root:Finish turn

DEBUG:root:Executing:Selector: High Level Ordering of Strategies
DEBUG:root:Executing:Sequence: Defense Strategy
DEBUG:root:Executing:Check: weak_planet_under_threat
DEBUG:root:Result: Check: weak_planet_under_threat -> Failure
DEBUG:root:Result: Sequence: Defense Strategy -> Failure
DEBUG:root:Executing:Sequence: Spread Strategy
DEBUG:root:Executing:Check: if_neutral_planet_available
DEBUG:root:Result: Check: if_neutral_planet_available -> Success
DEBUG:root:Executing:Action: spread_to_weakest_neutral_planet
DEBUG:root:Order:5 8 84
DEBUG:root:Result: Action: spread_to_weakest_neutral_planet -> Success
DEBUG:root:Result: Sequence: Spread Strategy -> Success
DEBUG:root:Result: Selector: High Level Ordering of Strategies -> Success
DEBUG:root:Finish turn

DEBUG:root:Executing:Selector: High Level Ordering of Strategies
DEBUG:root:Executing:Sequence: Defense Strategy
DEBUG:root:Executing:Check: weak_planet_under_threat
DEBUG:root:Result: Check: weak_planet_under_threat -> Failure
DEBUG:root:Result: Sequence: Defense Strategy -> Failure
DEBUG:root:Executing:Sequence: Spread Strategy
DEBUG:root:Executing:Check: if_neutral_planet_available
DEBUG:root:Result: Check: if_neutral_planet_available -> Success
DEBUG:root:Executing:Action: spread_to_weakest_neutral_planet
DEBUG:root:Order:0 3 82
DEBUG:root:Result: Action: spread_to_weakest_neutral_planet -> Success
DEBUG:root:Result: Sequence: Spread Strategy -> Success
DEBUG:root:Result: Selector: High Level Ordering of Strategies -> Success
DEBUG:root:Finish turn

DEBUG:root:Executing:Selector: High Level Ordering of Strategies
DEBUG:root:Executing:Sequence: Defense Strategy
DEBUG:root:Executing:Check: weak_planet_under_threat
DEBUG:root:Result: Check: weak_planet_under_threat -> Failure
DEBUG:root:Result: Sequence: Defense Strategy -> Failure
DEBUG:root:Executing:Sequence: Spread Strategy
DEBUG:root:Executing:Check: if_neutral_planet_available
DEBUG:root:Result: Check: if_neutral_planet_available -> Success
DEBUG:root:Executing:Action: spread_to_weakest_neutral_planet
DEBUG:root:Result: Action: spread_to_weakest_neutral_planet -> Failure
DEBUG:root:Result: Sequence: Spread Strategy -> Failure
DEBUG:root:Executing:Sequence: Offensive Strategy
DEBUG:root:Executing:Check: have_largest_fleet
DEBUG:root:Result: Check: have_largest_fleet -> Success
DEBUG:root:Executing:Action: attack_weakest_enemy_planet
DEBUG:root:Order:18 17 56.0
DEBUG:root:Order:18 19 17.0
DEBUG:root:Result: Action: attack_weakest_enemy_planet -> Success
DEBUG:root:Result: Sequence: Offensive Strategy -> Success
DEBUG:root:Result: Selector: High Level Ordering of Strategies -> Success
DEBUG:root:Finish turn

DEBUG:root:Executing:Selector: High Level Ordering of Strategies
DEBUG:root:Executing:Sequence: Defense Strategy
DEBUG:root:Executing:Check: weak_planet_under_threat
DEBUG:root:Result: Check: weak_planet_under_threat -> Failure
DEBUG:root:Result: Sequence: Defense Strategy -> Failure
DEBUG:root:Executing:Sequence: Spread Strategy
DEBUG:root:Executing:Check: if_neutral_planet_available
DEBUG:root:Result: Check: if_neutral_planet_available -> Success
DEBUG:root:Executing:Action: spread_to_weakest_neutral_planet
DEBUG:root:Result: Action: spread_to_weakest_neutral_planet -> Failure
DEBUG:root:Result: Sequence: Spread Strategy -> Failure
DEBUG:root:Executing:Sequence: Offensive Strategy
DEBUG:root:Executing:Check: have_largest_fleet
DEBUG:root:Result: Check: have_largest_fleet -> Success
DEBUG:root:Executing:Action: attack_weakest_enemy_planet
DEBUG:root:Bad order:11 62.0 93.0
DEBUG:root:Order:11 17 48.0
DEBUG:root:Bad order:11 14.0 24.0
DEBUG:root:Result: Action: attack_weakest_enemy_planet -> Success
DEBUG:root:Result: Sequence: Offensive Strategy -> Success
DEBUG:root:Result: Selector: High Level Ordering of Strategies -> Success
DEBUG:root:Finish turn

DEBUG:root:Executing:Selector: High Level Ordering of Strategies
DEBUG:root:Executing:Sequence: Defense Strategy
DEBUG:root:Executing:Check: weak_planet_under_threat
DEBUG:root:Result: Check: weak_planet_under_threat -> Success
DEBUG:root:Executing:Action: reinforce_weak_planets
DEBUG:root:Order:12 22 32.0
DEBUG:root:Result: Action: reinforce_weak_planets -> Success
DEBUG:root:Result: Sequence: Defense Strategy -> Success
DEBUG:root:Result: Selector: High Level Ordering of Strategies -> Success
DEBUG:root:Finish turn

DEBUG:root:Executing:Selector: High Level Ordering of Strategies
DEBUG:root:Executing:Sequence: Defense Strategy
DEBUG:root:Executing:Check: weak_planet_under_threat
DEBUG:root:Result: Check: weak_planet_under_threat -> Success
DEBUG:root:Executing:Action: reinforce_weak_planets
DEBUG:root:Order:6 22 29.0
DEBUG:root:Result: Action: reinforce_weak_planets -> Success
DEBUG:root:Result: Sequence: Defense Strategy -> Success
DEBUG:root:Result: Selector: High Level Ordering of Strategies -> Success
DEBUG:root:Finish turn

DEBUG:root:Executing:Selector: High Level Ordering of Strategies
DEBUG:root:Executing:Sequence: Defense Strategy
DEBUG:root:Executing:Check: weak_planet_under_threat
DEBUG:root:Result: Check: weak_planet_under_threat -> Success
DEBUG:root:Executing:Action: reinforce_weak_planets
DEBUG:root:Order:15 22 26.0
DEBUG:root:Result: Action: reinforce_weak_planets -> Success
DEBUG:root:Result: Sequence: Defense Strategy -> Success
DEBUG:root:Result: Selector: High Level Ordering of Strategies -> Success
DEBUG:root:Finish turn

DEBUG:root:Executing:Selector: High Level Ordering of Strategies
DEBUG:root:Executing:Sequence: Defense Strategy
DEBUG:root:Executing:Check: weak_planet_under_threat
DEBUG:root:Result: Check: weak_planet_under_threat -> Success
DEBUG:root:Executing:Action: reinforce_weak_planets
DEBUG:root:Order:9 22 23.0
DEBUG:root:Result: Action: reinforce_weak_planets -> Success
DEBUG:root:Result: Sequence: Defense Strategy -> Success
DEBUG:root:Result: Selector: High Level Ordering of Strategies -> Success
DEBUG:root:Finish turn

DEBUG:root:Executing:Selector: High Level Ordering of Strategies
DEBUG:root:Executing:Sequence: Defense Strategy
DEBUG:root:Executing:Check: weak_planet_under_threat
DEBUG:root:Result: Check: weak_planet_under_threat -> Success
DEBUG:root:Executing:Action: reinforce_weak_planets
DEBUG:root:Order:11 22 20.0
DEBUG:root:Result: Action: reinforce_weak_planets -> Success
DEBUG:root:Result: Sequence: Defense Strategy -> Success
DEBUG:root:Result: Selector: High Level Ordering of Strategies -> Success
DEBUG:root:Finish turn

DEBUG:root:Executing:Selector: High Level Ordering of Strategies
DEBUG:root:Executing:Sequence: Defense Strategy
DEBUG:root:Executing:Check: weak_planet_under_threat
DEBUG:root:Result: Check: weak_planet_under_threat -> Success
DEBUG:root:Executing:Action: reinforce_weak_planets
DEBUG:root:Order:12 22 17.0
DEBUG:root:Result: Action: reinforce_weak_planets -> Success
DEBUG:root:Result: Sequence: Defense Strategy -> Success
DEBUG:root:Result: Selector: High Level Ordering of Strategies -> Success
DEBUG:root:Finish turn

DEBUG:root:Executing:Selector: High Level Ordering of Strategies
DEBUG:root:Executing:Sequence: Defense Strategy
DEBUG:root:Executing:Check: weak_planet_under_threat
DEBUG:root:Result: Check: weak_planet_under_threat -> Success
DEBUG:root:Executing:Action: reinforce_weak_planets
DEBUG:root:Order:0 22 14.0
DEBUG:root:Result: Action: reinforce_weak_planets -> Success
DEBUG:root:Result: Sequence: Defense Strategy -> Success
DEBUG:root:Result: Selector: High Level Ordering of Strategies -> Success
DEBUG:root:Finish turn

DEBUG:root:Executing:Selector: High Level Ordering of Strategies
DEBUG:root:Executing:Sequence: Defense Strategy
DEBUG:root:Executing:Check: weak_planet_under_threat
DEBUG:root:Result: Check: weak_planet_under_threat -> Success
DEBUG:root:Executing:Action: reinforce_weak_planets
DEBUG:root:Order:11 22 11.0
DEBUG:root:Result: Action: reinforce_weak_planets -> Success
DEBUG:root:Result: Sequence: Defense Strategy -> Success
DEBUG:root:Result: Selector: High Level Ordering of Strategies -> Success
DEBUG:root:Finish turn

DEBUG:root:Executing:Selector: High Level Ordering of Strategies
DEBUG:root:Executing:Sequence: Defense Strategy
DEBUG:root:Executing:Check: weak_planet_under_threat
DEBUG:root:Result: Check: weak_planet_under_threat -> Success
DEBUG:root:Executing:Action: reinforce_weak_planets
DEBUG:root:Order:22 3 5.0
DEBUG:root:Result: Action: reinforce_weak_planets -> Success
DEBUG:root:Result: Sequence: Defense Strategy -> Success
DEBUG:root:Result: Selector: High Level Ordering of Strategies -> Success
DEBUG:root:Finish turn

DEBUG:root:Executing:Selector: High Level Ordering of Strategies
DEBUG:root:Executing:Sequence: Defense Strategy
DEBUG:root:Executing:Check: weak_planet_under_threat
DEBUG:root:Result: Check: weak_planet_under_threat -> Success
DEBUG:root:Executing:Action: reinforce_weak_planets
DEBUG:root:Order:0 5 8.0
DEBUG:root:Result: Action: reinforce_weak_planets -> Success
DEBUG:root:Result: Sequence: Defense Strategy -> Success
DEBUG:root:Result: Selector: High Level Ordering of Strategies -> Success
DEBUG:root:Finish turn

DEBUG:root:Executing:Selector: High Level Ordering of Strategies
DEBUG:root:Executing:Sequence: Defense Strategy
DEBUG:root:Executing:Check: weak_planet_under_threat
DEBUG:root:Result: Check: weak_planet_under_threat -> Success
DEBUG:root:Executing:Action: reinforce_weak_planets
DEBUG:root:Order:1 19 25.0
DEBUG:root:Result: Action: reinforce_weak_planets -> Success
DEBUG:root:Result: Sequence: Defense Strategy -> Success
DEBUG:root:Result: Selector: High Level Ordering of Strategies -> Success
DEBUG:root:Finish turn

DEBUG:root:Executing:Selector: High Level Ordering of Strategies
DEBUG:root:Executing:Sequence: Defense Strategy
DEBUG:root:Executing:Check: weak_planet_under_threat
DEBUG:root:Result: Check: weak_planet_under_threat -> Success
DEBUG:root:Executing:Action: reinforce_weak_planets
DEBUG:root:Order:1 19 24.0
DEBUG:root:Result: Action: reinforce_weak_planets -> Success
DEBUG:root:Result: Sequence: Defense Strategy -> Success
DEBUG:root:Result: Selector: High Level Ordering of Strategies -> Success
DEBUG:root:Finish turn

DEBUG:root:Executing:Selector: High Level Ordering of Strategies
DEBUG:root:Executing:Sequence: Defense Strategy
DEBUG:root:Executing:Check: weak_planet_under_threat
DEBUG:root:Result: Check: weak_planet_under_threat -> Success
DEBUG:root:Executing:Action: reinforce_weak_planets
DEBUG:root:Order:1 19 23.0
DEBUG:root:Result: Action: reinforce_weak_planets -> Success
DEBUG:root:Result: Sequence: Defense Strategy -> Success
DEBUG:root:Result: Selector: High Level Ordering of Strategies -> Success
DEBUG:root:Finish turn

DEBUG:root:Executing:Selector: High Level Ordering of Strategies
DEBUG:root:Executing:Sequence: Defense Strategy
DEBUG:root:Executing:Check: weak_planet_under_threat
DEBUG:root:Result: Check: weak_planet_under_threat -> Success
DEBUG:root:Executing:Action: reinforce_weak_planets
DEBUG:root:Order:11 19 22.0
DEBUG:root:Result: Action: reinforce_weak_planets -> Success
DEBUG:root:Result: Sequence: Defense Strategy -> Success
DEBUG:root:Result: Selector: High Level Ordering of Strategies -> Success
DEBUG:root:Finish turn

DEBUG:root:Executing:Selector: High Level Ordering of Strategies
DEBUG:root:Executing:Sequence: Defense Strategy
DEBUG:root:Executing:Check: weak_planet_under_threat
DEBUG:root:Result: Check: weak_planet_under_threat -> Success
DEBUG:root:Executing:Action: reinforce_weak_planets
DEBUG:root:Order:1 19 21.0
DEBUG:root:Result: Action: reinforce_weak_planets -> Success
DEBUG:root:Result: Sequence: Defense Strategy -> Success
DEBUG:root:Result: Selector: High Level Ordering of Strategies -> Success
DEBUG:root:Finish turn

DEBUG:root:Executing:Selector: High Level Ordering of Strategies
DEBUG:root:Executing:Sequence: Defense Strategy
DEBUG:root:Executing:Check: weak_planet_under_threat
DEBUG:root:Result: Check: weak_planet_under_threat -> Success
DEBUG:root:Executing:Action: reinforce_weak_planets
DEBUG:root:Order:4 19 20.0
DEBUG:root:Result: Action: reinforce_weak_planets -> Success
DEBUG:root:Result: Sequence: Defense Strategy -> Success
DEBUG:root:Result: Selector: High Level Ordering of Strategies -> Success
DEBUG:root:Finish turn

DEBUG:root:Executing:Selector: High Level Ordering of Strategies
DEBUG:root:Executing:Sequence: Defense Strategy
DEBUG:root:Executing:Check: weak_planet_under_threat
DEBUG:root:Result: Check: weak_planet_under_threat -> Success
DEBUG:root:Executing:Action: reinforce_weak_planets
DEBUG:root:Order:16 19 19.0
DEBUG:root:Result: Action: reinforce_weak_planets -> Success
DEBUG:root:Result: Sequence: Defense Strategy -> Success
DEBUG:root:Result: Selector: High Level Ordering of Strategies -> Success
DEBUG:root:Finish turn

DEBUG:root:Executing:Selector: High Level Ordering of Strategies
DEBUG:root:Executing:Sequence: Defense Strategy
DEBUG:root:Executing:Check: weak_planet_under_threat
DEBUG:root:Result: Check: weak_planet_under_threat -> Success
DEBUG:root:Executing:Action: reinforce_weak_planets
DEBUG:root:Order:11 19 18.0
DEBUG:root:Result: Action: reinforce_weak_planets -> Success
DEBUG:root:Result: Sequence: Defense Strategy -> Success
DEBUG:root:Result: Selector: High Level Ordering of Strategies -> Success
DEBUG:root:Finish turn

DEBUG:root:Executing:Selector: High Level Ordering of Strategies
DEBUG:root:Executing:Sequence: Defense Strategy
DEBUG:root:Executing:Check: weak_planet_under_threat
DEBUG:root:Result: Check: weak_planet_under_threat -> Success
DEBUG:root:Executing:Action: reinforce_weak_planets
DEBUG:root:Order:0 19 17.0
DEBUG:root:Result: Action: reinforce_weak_planets -> Success
DEBUG:root:Result: Sequence: Defense Strategy -> Success
DEBUG:root:Result: Selector: High Level Ordering of Strategies -> Success
DEBUG:root:Finish turn

DEBUG:root:Executing:Selector: High Level Ordering of Strategies
DEBUG:root:Executing:Sequence: Defense Strategy
DEBUG:root:Executing:Check: weak_planet_under_threat
DEBUG:root:Result: Check: weak_planet_under_threat -> Success
DEBUG:root:Executing:Action: reinforce_weak_planets
DEBUG:root:Order:22 9 7.0
DEBUG:root:Result: Action: reinforce_weak_planets -> Success
DEBUG:root:Result: Sequence: Defense Strategy -> Success
DEBUG:root:Result: Selector: High Level Ordering of Strategies -> Success
DEBUG:root:Finish turn

DEBUG:root:Executing:Selector: High Level Ordering of Strategies
DEBUG:root:Executing:Sequence: Defense Strategy
DEBUG:root:Executing:Check: weak_planet_under_threat
DEBUG:root:Result: Check: weak_planet_under_threat -> Success
DEBUG:root:Executing:Action: reinforce_weak_planets
DEBUG:root:Order:22 9 6.0
DEBUG:root:Result: Action: reinforce_weak_planets -> Success
DEBUG:root:Result: Sequence: Defense Strategy -> Success
DEBUG:root:Result: Selector: High Level Ordering of Strategies -> Success
DEBUG:root:Finish turn

DEBUG:root:Executing:Selector: High Level Ordering of Strategies
DEBUG:root:Executing:Sequence: Defense Strategy
DEBUG:root:Executing:Check: weak_planet_under_threat
DEBUG:root:Result: Check: weak_planet_under_threat -> Success
DEBUG:root:Executing:Action: reinforce_weak_planets
DEBUG:root:Order:22 9 5.0
DEBUG:root:Result: Action: reinforce_weak_planets -> Success
DEBUG:root:Result: Sequence: Defense Strategy -> Success
DEBUG:root:Result: Selector: High Level Ordering of Strategies -> Success
DEBUG:root:Finish turn

DEBUG:root:Executing:Selector: High Level Ordering of Strategies
DEBUG:root:Executing:Sequence: Defense Strategy
DEBUG:root:Executing:Check: weak_planet_under_threat
DEBUG:root:Result: Check: weak_planet_under_threat -> Success
DEBUG:root:Executing:Action: reinforce_weak_planets
DEBUG:root:Order:22 9 4.0
DEBUG:root:Result: Action: reinforce_weak_planets -> Success
DEBUG:root:Result: Sequence: Defense Strategy -> Success
DEBUG:root:Result: Selector: High Level Ordering of Strategies -> Success
DEBUG:root:Finish turn

DEBUG:root:Executing:Selector: High Level Ordering of Strategies
DEBUG:root:Executing:Sequence: Defense Strategy
DEBUG:root:Executing:Check: weak_planet_under_threat
DEBUG:root:Result: Check: weak_planet_under_threat -> Success
DEBUG:root:Executing:Action: reinforce_weak_planets
DEBUG:root:Order:22 9 3.0
DEBUG:root:Result: Action: reinforce_weak_planets -> Success
DEBUG:root:Result: Sequence: Defense Strategy -> Success
DEBUG:root:Result: Selector: High Level Ordering of Strategies -> Success
DEBUG:root:Finish turn

DEBUG:root:Executing:Selector: High Level Ordering of Strategies
DEBUG:root:Executing:Sequence: Defense Strategy
DEBUG:root:Executing:Check: weak_planet_under_threat
DEBUG:root:Result: Check: weak_planet_under_threat -> Failure
DEBUG:root:Result: Sequence: Defense Strategy -> Failure
DEBUG:root:Executing:Sequence: Spread Strategy
DEBUG:root:Executing:Check: if_neutral_planet_available
DEBUG:root:Result: Check: if_neutral_planet_available -> Success
DEBUG:root:Executing:Action: spread_to_weakest_neutral_planet
DEBUG:root:Order:22 14 60
DEBUG:root:Order:22 7 84
DEBUG:root:Result: Action: spread_to_weakest_neutral_planet -> Success
DEBUG:root:Result: Sequence: Spread Strategy -> Success
DEBUG:root:Result: Selector: High Level Ordering of Strategies -> Success
DEBUG:root:Finish turn

DEBUG:root:Executing:Selector: High Level Ordering of Strategies
DEBUG:root:Executing:Sequence: Defense Strategy
DEBUG:root:Executing:Check: weak_planet_under_threat
DEBUG:root:Result: Check: weak_planet_under_threat -> Failure
DEBUG:root:Result: Sequence: Defense Strategy -> Failure
DEBUG:root:Executing:Sequence: Spread Strategy
DEBUG:root:Executing:Check: if_neutral_planet_available
DEBUG:root:Result: Check: if_neutral_planet_available -> Success
DEBUG:root:Executing:Action: spread_to_weakest_neutral_planet
DEBUG:root:Order:12 10 85
DEBUG:root:Result: Action: spread_to_weakest_neutral_planet -> Success
DEBUG:root:Result: Sequence: Spread Strategy -> Success
DEBUG:root:Result: Selector: High Level Ordering of Strategies -> Success
DEBUG:root:Finish turn

DEBUG:root:Executing:Selector: High Level Ordering of Strategies
DEBUG:root:Executing:Sequence: Defense Strategy
DEBUG:root:Executing:Check: weak_planet_under_threat
DEBUG:root:Result: Check: weak_planet_under_threat -> Failure
DEBUG:root:Result: Sequence: Defense Strategy -> Failure
DEBUG:root:Executing:Sequence: Spread Strategy
DEBUG:root:Executing:Check: if_neutral_planet_available
DEBUG:root:Result: Check: if_neutral_planet_available -> Success
DEBUG:root:Executing:Action: spread_to_weakest_neutral_planet
DEBUG:root:Result: Action: spread_to_weakest_neutral_planet -> Failure
DEBUG:root:Result: Sequence: Spread Strategy -> Failure
DEBUG:root:Executing:Sequence: Offensive Strategy
DEBUG:root:Executing:Check: have_largest_fleet
DEBUG:root:Result: Check: have_largest_fleet -> Success
DEBUG:root:Executing:Action: attack_weakest_enemy_planet
DEBUG:root:Bad order:19 137.0 163.0
DEBUG:root:Order:19 3 105.0
DEBUG:root:Order:19 5 25.0
DEBUG:root:Bad order:19 7.0 31.0
DEBUG:root:Bad order:19 7.0 55.0
DEBUG:root:Result: Action: attack_weakest_enemy_planet -> Success
DEBUG:root:Result: Sequence: Offensive Strategy -> Success
DEBUG:root:Result: Selector: High Level Ordering of Strategies -> Success
DEBUG:root:Finish turn

DEBUG:root:Executing:Selector: High Level Ordering of Strategies
DEBUG:root:Executing:Sequence: Defense Strategy
DEBUG:root:Executing:Check: weak_planet_under_threat
DEBUG:root:Result: Check: weak_planet_under_threat -> Success
DEBUG:root:Executing:Action: reinforce_weak_planets
DEBUG:root:Order:1 19 3.0
DEBUG:root:Result: Action: reinforce_weak_planets -> Success
DEBUG:root:Result: Sequence: Defense Strategy -> Success
DEBUG:root:Result: Selector: High Level Ordering of Strategies -> Success
DEBUG:root:Finish turn

DEBUG:root:Executing:Selector: High Level Ordering of Strategies
DEBUG:root:Executing:Sequence: Defense Strategy
DEBUG:root:Executing:Check: weak_planet_under_threat
DEBUG:root:Result: Check: weak_planet_under_threat -> Success
DEBUG:root:Executing:Action: reinforce_weak_planets
DEBUG:root:Order:1 19 2.0
DEBUG:root:Result: Action: reinforce_weak_planets -> Success
DEBUG:root:Result: Sequence: Defense Strategy -> Success
DEBUG:root:Result: Selector: High Level Ordering of Strategies -> Success
DEBUG:root:Finish turn

DEBUG:root:Executing:Selector: High Level Ordering of Strategies
DEBUG:root:Executing:Sequence: Defense Strategy
DEBUG:root:Executing:Check: weak_planet_under_threat
DEBUG:root:Result: Check: weak_planet_under_threat -> Success
DEBUG:root:Executing:Action: reinforce_weak_planets
DEBUG:root:Order:17 14 30.0
DEBUG:root:Result: Action: reinforce_weak_planets -> Success
DEBUG:root:Result: Sequence: Defense Strategy -> Success
DEBUG:root:Result: Selector: High Level Ordering of Strategies -> Success
DEBUG:root:Finish turn

DEBUG:root:Executing:Selector: High Level Ordering of Strategies
DEBUG:root:Executing:Sequence: Defense Strategy
DEBUG:root:Executing:Check: weak_planet_under_threat
DEBUG:root:Result: Check: weak_planet_under_threat -> Success
DEBUG:root:Executing:Action: reinforce_weak_planets
DEBUG:root:Order:11 14 28.0
DEBUG:root:Result: Action: reinforce_weak_planets -> Success
DEBUG:root:Result: Sequence: Defense Strategy -> Success
DEBUG:root:Result: Selector: High Level Ordering of Strategies -> Success
DEBUG:root:Finish turn

DEBUG:root:Executing:Selector: High Level Ordering of Strategies
DEBUG:root:Executing:Sequence: Defense Strategy
DEBUG:root:Executing:Check: weak_planet_under_threat
DEBUG:root:Result: Check: weak_planet_under_threat -> Success
DEBUG:root:Executing:Action: reinforce_weak_planets
DEBUG:root:Order:17 14 26.0
DEBUG:root:Result: Action: reinforce_weak_planets -> Success
DEBUG:root:Result: Sequence: Defense Strategy -> Success
DEBUG:root:Result: Selector: High Level Ordering of Strategies -> Success
DEBUG:root:Finish turn

DEBUG:root:Executing:Selector: High Level Ordering of Strategies
DEBUG:root:Executing:Sequence: Defense Strategy
DEBUG:root:Executing:Check: weak_planet_under_threat
DEBUG:root:Result: Check: weak_planet_under_threat -> Success
DEBUG:root:Executing:Action: reinforce_weak_planets
DEBUG:root:Order:15 14 24.0
DEBUG:root:Result: Action: reinforce_weak_planets -> Success
DEBUG:root:Result: Sequence: Defense Strategy -> Success
DEBUG:root:Result: Selector: High Level Ordering of Strategies -> Success
DEBUG:root:Finish turn

DEBUG:root:Executing:Selector: High Level Ordering of Strategies
DEBUG:root:Executing:Sequence: Defense Strategy
DEBUG:root:Executing:Check: weak_planet_under_threat
DEBUG:root:Result: Check: weak_planet_under_threat -> Success
DEBUG:root:Executing:Action: reinforce_weak_planets
DEBUG:root:Order:11 14 22.0
DEBUG:root:Result: Action: reinforce_weak_planets -> Success
DEBUG:root:Result: Sequence: Defense Strategy -> Success
DEBUG:root:Result: Selector: High Level Ordering of Strategies -> Success
DEBUG:root:Finish turn

DEBUG:root:Executing:Selector: High Level Ordering of Strategies
DEBUG:root:Executing:Sequence: Defense Strategy
DEBUG:root:Executing:Check: weak_planet_under_threat
DEBUG:root:Result: Check: weak_planet_under_threat -> Success
DEBUG:root:Executing:Action: reinforce_weak_planets
DEBUG:root:Order:0 14 20.0
DEBUG:root:Result: Action: reinforce_weak_planets -> Success
DEBUG:root:Result: Sequence: Defense Strategy -> Success
DEBUG:root:Result: Selector: High Level Ordering of Strategies -> Success
DEBUG:root:Finish turn

DEBUG:root:Executing:Selector: High Level Ordering of Strategies
DEBUG:root:Executing:Sequence: Defense Strategy
DEBUG:root:Executing:Check: weak_planet_under_threat
DEBUG:root:Result: Check: weak_planet_under_threat -> Success
DEBUG:root:Executing:Action: reinforce_weak_planets
DEBUG:root:Order:12 14 18.0
DEBUG:root:Result: Action: reinforce_weak_planets -> Success
DEBUG:root:Result: Sequence: Defense Strategy -> Success
DEBUG:root:Result: Selector: High Level Ordering of Strategies -> Success
DEBUG:root:Finish turn

DEBUG:root:Executing:Selector: High Level Ordering of Strategies
DEBUG:root:Executing:Sequence: Defense Strategy
DEBUG:root:Executing:Check: weak_planet_under_threat
DEBUG:root:Result: Check: weak_planet_under_threat -> Success
DEBUG:root:Executing:Action: reinforce_weak_planets
DEBUG:root:Order:4 14 16.0
DEBUG:root:Result: Action: reinforce_weak_planets -> Success
DEBUG:root:Result: Sequence: Defense Strategy -> Success
DEBUG:root:Result: Selector: High Level Ordering of Strategies -> Success
DEBUG:root:Finish turn

DEBUG:root:Executing:Selector: High Level Ordering of Strategies
DEBUG:root:Executing:Sequence: Defense Strategy
DEBUG:root:Executing:Check: weak_planet_under_threat
DEBUG:root:Result: Check: weak_planet_under_threat -> Success
DEBUG:root:Executing:Action: reinforce_weak_planets
DEBUG:root:Order:15 14 14.0
DEBUG:root:Result: Action: reinforce_weak_planets -> Success
DEBUG:root:Result: Sequence: Defense Strategy -> Success
DEBUG:root:Result: Selector: High Level Ordering of Strategies -> Success
DEBUG:root:Finish turn

DEBUG:root:Executing:Selector: High Level Ordering of Strategies
DEBUG:root:Executing:Sequence: Defense Strategy
DEBUG:root:Executing:Check: weak_planet_under_threat
DEBUG:root:Result: Check: weak_planet_under_threat -> Failure
DEBUG:root:Result: Sequence: Defense Strategy -> Failure
DEBUG:root:Executing:Sequence: Spread Strategy
DEBUG:root:Executing:Check: if_neutral_planet_available
DEBUG:root:Result: Check: if_neutral_planet_available -> Success
DEBUG:root:Executing:Action: spread_to_weakest_neutral_planet
DEBUG:root:Result: Action: spread_to_weakest_neutral_planet -> Failure
DEBUG:root:Result: Sequence: Spread Strategy -> Failure
DEBUG:root:Executing:Sequence: Offensive Strategy
DEBUG:root:Executing:Check: have_largest_fleet
DEBUG:root:Result: Check: have_largest_fleet -> Success
DEBUG:root:Executing:Action: attack_weakest_enemy_planet
DEBUG:root:Bad order:1 146.0 181.0
DEBUG:root:Order:1 3 122.0
DEBUG:root:Bad order:1 24.0 40.0
DEBUG:root:Bad order:1 24.0 63.0
DEBUG:root:Result: Action: attack_weakest_enemy_planet -> Success
DEBUG:root:Result: Sequence: Offensive Strategy -> Success
DEBUG:root:Result: Selector: High Level Ordering of Strategies -> Success
DEBUG:root:Finish turn

DEBUG:root:Executing:Selector: High Level Ordering of Strategies
DEBUG:root:Executing:Sequence: Defense Strategy
DEBUG:root:Executing:Check: weak_planet_under_threat
DEBUG:root:Result: Check: weak_planet_under_threat -> Success
DEBUG:root:Executing:Action: reinforce_weak_planets
DEBUG:root:Order:8 9 7.0
DEBUG:root:Result: Action: reinforce_weak_planets -> Success
DEBUG:root:Result: Sequence: Defense Strategy -> Success
DEBUG:root:Result: Selector: High Level Ordering of Strategies -> Success
DEBUG:root:Finish turn

DEBUG:root:Executing:Selector: High Level Ordering of Strategies
DEBUG:root:Executing:Sequence: Defense Strategy
DEBUG:root:Executing:Check: weak_planet_under_threat
DEBUG:root:Result: Check: weak_planet_under_threat -> Success
DEBUG:root:Executing:Action: reinforce_weak_planets
DEBUG:root:Order:14 7 53.0
DEBUG:root:Result: Action: reinforce_weak_planets -> Success
DEBUG:root:Result: Sequence: Defense Strategy -> Success
DEBUG:root:Result: Selector: High Level Ordering of Strategies -> Success
DEBUG:root:Finish turn

DEBUG:root:Executing:Selector: High Level Ordering of Strategies
DEBUG:root:Executing:Sequence: Defense Strategy
DEBUG:root:Executing:Check: weak_planet_under_threat
DEBUG:root:Result: Check: weak_planet_under_threat -> Success
DEBUG:root:Executing:Action: reinforce_weak_planets
DEBUG:root:Order:11 7 50.0
DEBUG:root:Result: Action: reinforce_weak_planets -> Success
DEBUG:root:Result: Sequence: Defense Strategy -> Success
DEBUG:root:Result: Selector: High Level Ordering of Strategies -> Success
DEBUG:root:Finish turn

DEBUG:root:Executing:Selector: High Level Ordering of Strategies
DEBUG:root:Executing:Sequence: Defense Strategy
DEBUG:root:Executing:Check: weak_planet_under_threat
DEBUG:root:Result: Check: weak_planet_under_threat -> Success
DEBUG:root:Executing:Action: reinforce_weak_planets
DEBUG:root:Order:12 7 47.0
DEBUG:root:Result: Action: reinforce_weak_planets -> Success
DEBUG:root:Result: Sequence: Defense Strategy -> Success
DEBUG:root:Result: Selector: High Level Ordering of Strategies -> Success
DEBUG:root:Finish turn

DEBUG:root:Executing:Selector: High Level Ordering of Strategies
DEBUG:root:Executing:Sequence: Defense Strategy
DEBUG:root:Executing:Check: weak_planet_under_threat
DEBUG:root:Result: Check: weak_planet_under_threat -> Success
DEBUG:root:Executing:Action: reinforce_weak_planets
DEBUG:root:Order:18 7 44.0
DEBUG:root:Result: Action: reinforce_weak_planets -> Success
DEBUG:root:Result: Sequence: Defense Strategy -> Success
DEBUG:root:Result: Selector: High Level Ordering of Strategies -> Success
DEBUG:root:Finish turn

DEBUG:root:Executing:Selector: High Level Ordering of Strategies
DEBUG:root:Executing:Sequence: Defense Strategy
DEBUG:root:Executing:Check: weak_planet_under_threat
DEBUG:root:Result: Check: weak_planet_under_threat -> Success
DEBUG:root:Executing:Action: reinforce_weak_planets
DEBUG:root:Order:22 7 41.0
DEBUG:root:Result: Action: reinforce_weak_planets -> Success
DEBUG:root:Result: Sequence: Defense Strategy -> Success
DEBUG:root:Result: Selector: High Level Ordering of Strategies -> Success
DEBUG:root:Finish turn

DEBUG:root:Executing:Selector: High Level Ordering of Strategies
DEBUG:root:Executing:Sequence: Defense Strategy
DEBUG:root:Executing:Check: weak_planet_under_threat
DEBUG:root:Result: Check: weak_planet_under_threat -> Success
DEBUG:root:Executing:Action: reinforce_weak_planets
DEBUG:root:Order:4 7 38.0
DEBUG:root:Result: Action: reinforce_weak_planets -> Success
DEBUG:root:Result: Sequence: Defense Strategy -> Success
DEBUG:root:Result: Selector: High Level Ordering of Strategies -> Success
DEBUG:root:Finish turn

DEBUG:root:Executing:Selector: High Level Ordering of Strategies
DEBUG:root:Executing:Sequence: Defense Strategy
DEBUG:root:Executing:Check: weak_planet_under_threat
DEBUG:root:Result: Check: weak_planet_under_threat -> Success
DEBUG:root:Executing:Action: reinforce_weak_planets
DEBUG:root:Order:14 7 35.0
DEBUG:root:Result: Action: reinforce_weak_planets -> Success
DEBUG:root:Result: Sequence: Defense Strategy -> Success
DEBUG:root:Result: Selector: High Level Ordering of Strategies -> Success
DEBUG:root:Finish turn

DEBUG:root:Executing:Selector: High Level Ordering of Strategies
DEBUG:root:Executing:Sequence: Defense Strategy
DEBUG:root:Executing:Check: weak_planet_under_threat
DEBUG:root:Result: Check: weak_planet_under_threat -> Success
DEBUG:root:Executing:Action: reinforce_weak_planets
DEBUG:root:Order:0 7 32.0
DEBUG:root:Result: Action: reinforce_weak_planets -> Success
DEBUG:root:Result: Sequence: Defense Strategy -> Success
DEBUG:root:Result: Selector: High Level Ordering of Strategies -> Success
DEBUG:root:Finish turn

DEBUG:root:Executing:Selector: High Level Ordering of Strategies
DEBUG:root:Executing:Sequence: Defense Strategy
DEBUG:root:Executing:Check: weak_planet_under_threat
DEBUG:root:Result: Check: weak_planet_under_threat -> Success
DEBUG:root:Executing:Action: reinforce_weak_planets
DEBUG:root:Order:15 7 29.0
DEBUG:root:Result: Action: reinforce_weak_planets -> Success
DEBUG:root:Result: Sequence: Defense Strategy -> Success
DEBUG:root:Result: Selector: High Level Ordering of Strategies -> Success
DEBUG:root:Finish turn

DEBUG:root:Executing:Selector: High Level Ordering of Strategies
DEBUG:root:Executing:Sequence: Defense Strategy
DEBUG:root:Executing:Check: weak_planet_under_threat
DEBUG:root:Result: Check: weak_planet_under_threat -> Success
DEBUG:root:Executing:Action: reinforce_weak_planets
DEBUG:root:Order:14 7 26.0
DEBUG:root:Result: Action: reinforce_weak_planets -> Success
DEBUG:root:Result: Sequence: Defense Strategy -> Success
DEBUG:root:Result: Selector: High Level Ordering of Strategies -> Success
DEBUG:root:Finish turn

DEBUG:root:Executing:Selector: High Level Ordering of Strategies
DEBUG:root:Executing:Sequence: Defense Strategy
DEBUG:root:Executing:Check: weak_planet_under_threat
DEBUG:root:Result: Check: weak_planet_under_threat -> Success
DEBUG:root:Executing:Action: reinforce_weak_planets
DEBUG:root:Order:11 7 23.0
DEBUG:root:Result: Action: reinforce_weak_planets -> Success
DEBUG:root:Result: Sequence: Defense Strategy -> Success
DEBUG:root:Result: Selector: High Level Ordering of Strategies -> Success
DEBUG:root:Finish turn

DEBUG:root:Executing:Selector: High Level Ordering of Strategies
DEBUG:root:Executing:Sequence: Defense Strategy
DEBUG:root:Executing:Check: weak_planet_under_threat
DEBUG:root:Result: Check: weak_planet_under_threat -> Success
DEBUG:root:Executing:Action: reinforce_weak_planets
DEBUG:root:Order:21 10 15.0
DEBUG:root:Result: Action: reinforce_weak_planets -> Success
DEBUG:root:Result: Sequence: Defense Strategy -> Success
DEBUG:root:Result: Selector: High Level Ordering of Strategies -> Success
DEBUG:root:Finish turn

DEBUG:root:Executing:Selector: High Level Ordering of Strategies
DEBUG:root:Executing:Sequence: Defense Strategy
DEBUG:root:Executing:Check: weak_planet_under_threat
DEBUG:root:Result: Check: weak_planet_under_threat -> Success
DEBUG:root:Executing:Action: reinforce_weak_planets
DEBUG:root:Order:16 10 14.0
DEBUG:root:Result: Action: reinforce_weak_planets -> Success
DEBUG:root:Result: Sequence: Defense Strategy -> Success
DEBUG:root:Result: Selector: High Level Ordering of Strategies -> Success
DEBUG:root:Finish turn

DEBUG:root:Executing:Selector: High Level Ordering of Strategies
DEBUG:root:Executing:Sequence: Defense Strategy
DEBUG:root:Executing:Check: weak_planet_under_threat
DEBUG:root:Result: Check: weak_planet_under_threat -> Success
DEBUG:root:Executing:Action: reinforce_weak_planets
DEBUG:root:Order:21 10 13.0
DEBUG:root:Result: Action: reinforce_weak_planets -> Success
DEBUG:root:Result: Sequence: Defense Strategy -> Success
DEBUG:root:Result: Selector: High Level Ordering of Strategies -> Success
DEBUG:root:Finish turn

DEBUG:root:Executing:Selector: High Level Ordering of Strategies
DEBUG:root:Executing:Sequence: Defense Strategy
DEBUG:root:Executing:Check: weak_planet_under_threat
DEBUG:root:Result: Check: weak_planet_under_threat -> Success
DEBUG:root:Executing:Action: reinforce_weak_planets
DEBUG:root:Order:7 10 12.0
DEBUG:root:Result: Action: reinforce_weak_planets -> Success
DEBUG:root:Result: Sequence: Defense Strategy -> Success
DEBUG:root:Result: Selector: High Level Ordering of Strategies -> Success
DEBUG:root:Finish turn

DEBUG:root:Executing:Selector: High Level Ordering of Strategies
DEBUG:root:Executing:Sequence: Defense Strategy
DEBUG:root:Executing:Check: weak_planet_under_threat
DEBUG:root:Result: Check: weak_planet_under_threat -> Success
DEBUG:root:Executing:Action: reinforce_weak_planets
DEBUG:root:Order:7 10 11.0
DEBUG:root:Result: Action: reinforce_weak_planets -> Success
DEBUG:root:Result: Sequence: Defense Strategy -> Success
DEBUG:root:Result: Selector: High Level Ordering of Strategies -> Success
DEBUG:root:Finish turn

DEBUG:root:Executing:Selector: High Level Ordering of Strategies
DEBUG:root:Executing:Sequence: Defense Strategy
DEBUG:root:Executing:Check: weak_planet_under_threat
DEBUG:root:Result: Check: weak_planet_under_threat -> Success
DEBUG:root:Executing:Action: reinforce_weak_planets
DEBUG:root:Order:7 10 10.0
DEBUG:root:Result: Action: reinforce_weak_planets -> Success
DEBUG:root:Result: Sequence: Defense Strategy -> Success
DEBUG:root:Result: Selector: High Level Ordering of Strategies -> Success
DEBUG:root:Finish turn

DEBUG:root:Executing:Selector: High Level Ordering of Strategies
DEBUG:root:Executing:Sequence: Defense Strategy
DEBUG:root:Executing:Check: weak_planet_under_threat
DEBUG:root:Result: Check: weak_planet_under_threat -> Success
DEBUG:root:Executing:Action: reinforce_weak_planets
DEBUG:root:Order:7 6 24.0
DEBUG:root:Result: Action: reinforce_weak_planets -> Success
DEBUG:root:Result: Sequence: Defense Strategy -> Success
DEBUG:root:Result: Selector: High Level Ordering of Strategies -> Success
DEBUG:root:Finish turn

DEBUG:root:Executing:Selector: High Level Ordering of Strategies
DEBUG:root:Executing:Sequence: Defense Strategy
DEBUG:root:Executing:Check: weak_planet_under_threat
DEBUG:root:Result: Check: weak_planet_under_threat -> Success
DEBUG:root:Executing:Action: reinforce_weak_planets
DEBUG:root:Order:7 6 23.0
DEBUG:root:Result: Action: reinforce_weak_planets -> Success
DEBUG:root:Result: Sequence: Defense Strategy -> Success
DEBUG:root:Result: Selector: High Level Ordering of Strategies -> Success
DEBUG:root:Finish turn

DEBUG:root:Executing:Selector: High Level Ordering of Strategies
DEBUG:root:Executing:Sequence: Defense Strategy
DEBUG:root:Executing:Check: weak_planet_under_threat
DEBUG:root:Result: Check: weak_planet_under_threat -> Success
DEBUG:root:Executing:Action: reinforce_weak_planets
DEBUG:root:Order:7 6 22.0
DEBUG:root:Result: Action: reinforce_weak_planets -> Success
DEBUG:root:Result: Sequence: Defense Strategy -> Success
DEBUG:root:Result: Selector: High Level Ordering of Strategies -> Success
DEBUG:root:Finish turn

DEBUG:root:Executing:Selector: High Level Ordering of Strategies
DEBUG:root:Executing:Sequence: Defense Strategy
DEBUG:root:Executing:Check: weak_planet_under_threat
DEBUG:root:Result: Check: weak_planet_under_threat -> Success
DEBUG:root:Executing:Action: reinforce_weak_planets
DEBUG:root:Order:7 6 21.0
DEBUG:root:Result: Action: reinforce_weak_planets -> Success
DEBUG:root:Result: Sequence: Defense Strategy -> Success
DEBUG:root:Result: Selector: High Level Ordering of Strategies -> Success
DEBUG:root:Finish turn

DEBUG:root:Executing:Selector: High Level Ordering of Strategies
DEBUG:root:Executing:Sequence: Defense Strategy
DEBUG:root:Executing:Check: weak_planet_under_threat
DEBUG:root:Result: Check: weak_planet_under_threat -> Success
DEBUG:root:Executing:Action: reinforce_weak_planets
DEBUG:root:Order:7 6 20.0
DEBUG:root:Result: Action: reinforce_weak_planets -> Success
DEBUG:root:Result: Sequence: Defense Strategy -> Success
DEBUG:root:Result: Selector: High Level Ordering of Strategies -> Success
DEBUG:root:Finish turn

DEBUG:root:Executing:Selector: High Level Ordering of Strategies
DEBUG:root:Executing:Sequence: Defense Strategy
DEBUG:root:Executing:Check: weak_planet_under_threat
DEBUG:root:Result: Check: weak_planet_under_threat -> Failure
DEBUG:root:Result: Sequence: Defense Strategy -> Failure
DEBUG:root:Executing:Sequence: Spread Strategy
DEBUG:root:Executing:Check: if_neutral_planet_available
DEBUG:root:Result: Check: if_neutral_planet_available -> Failure
DEBUG:root:Result: Sequence: Spread Strategy -> Failure
DEBUG:root:Executing:Sequence: Offensive Strategy
DEBUG:root:Executing:Check: have_largest_fleet
DEBUG:root:Result: Check: have_largest_fleet -> Success
DEBUG:root:Executing:Action: attack_weakest_enemy_planet
DEBUG:root:Order:3 2 63.0
DEBUG:root:Order:3 5 17.0
DEBUG:root:Order:3 9 23.0
DEBUG:root:Order:3 20 75.0
DEBUG:root:Result: Action: attack_weakest_enemy_planet -> Success
DEBUG:root:Result: Sequence: Offensive Strategy -> Success
DEBUG:root:Result: Selector: High Level Ordering of Strategies -> Success
DEBUG:root:Finish turn

DEBUG:root:Executing:Selector: High Level Ordering of Strategies
DEBUG:root:Executing:Sequence: Defense Strategy
DEBUG:root:Executing:Check: weak_planet_under_threat
DEBUG:root:Result: Check: weak_planet_under_threat -> Failure
DEBUG:root:Result: Sequence: Defense Strategy -> Failure
DEBUG:root:Executing:Sequence: Spread Strategy
DEBUG:root:Executing:Check: if_neutral_planet_available
DEBUG:root:Result: Check: if_neutral_planet_available -> Failure
DEBUG:root:Result: Sequence: Spread Strategy -> Failure
DEBUG:root:Executing:Sequence: Offensive Strategy
DEBUG:root:Executing:Check: have_largest_fleet
DEBUG:root:Result: Check: have_largest_fleet -> Success
DEBUG:root:Executing:Action: attack_weakest_enemy_planet
DEBUG:root:Order:7 2 148.0
DEBUG:root:Order:7 5 33.0
DEBUG:root:Order:7 9 37.0
DEBUG:root:Bad order:7 51.0 86.0
DEBUG:root:Result: Action: attack_weakest_enemy_planet -> Success
DEBUG:root:Result: Sequence: Offensive Strategy -> Success
DEBUG:root:Result: Selector: High Level Ordering of Strategies -> Success
DEBUG:root:Finish turn

DEBUG:root:Executing:Selector: High Level Ordering of Strategies
DEBUG:root:Executing:Sequence: Defense Strategy
DEBUG:root:Executing:Check: weak_planet_under_threat
DEBUG:root:Result: Check: weak_planet_under_threat -> Failure
DEBUG:root:Result: Sequence: Defense Strategy -> Failure
DEBUG:root:Executing:Sequence: Spread Strategy
DEBUG:root:Executing:Check: if_neutral_planet_available
DEBUG:root:Result: Check: if_neutral_planet_available -> Failure
DEBUG:root:Result: Sequence: Spread Strategy -> Failure
DEBUG:root:Executing:Sequence: Offensive Strategy
DEBUG:root:Executing:Check: have_largest_fleet
DEBUG:root:Result: Check: have_largest_fleet -> Success
DEBUG:root:Executing:Action: attack_weakest_enemy_planet
DEBUG:root:Order:8 2 73.0
DEBUG:root:Order:8 5 14.0
DEBUG:root:Order:8 9 27.0
DEBUG:root:Bad order:8 69.0 80.0
DEBUG:root:Result: Action: attack_weakest_enemy_planet -> Success
DEBUG:root:Result: Sequence: Offensive Strategy -> Success
DEBUG:root:Result: Selector: High Level Ordering of Strategies -> Success
DEBUG:root:Finish turn

DEBUG:root:Executing:Selector: High Level Ordering of Strategies
DEBUG:root:Executing:Sequence: Defense Strategy
DEBUG:root:Executing:Check: weak_planet_under_threat
DEBUG:root:Result: Check: weak_planet_under_threat -> Success
DEBUG:root:Executing:Action: reinforce_weak_planets
DEBUG:root:Order:12 10 28.0
DEBUG:root:Result: Action: reinforce_weak_planets -> Success
DEBUG:root:Result: Sequence: Defense Strategy -> Success
DEBUG:root:Result: Selector: High Level Ordering of Strategies -> Success
DEBUG:root:Finish turn

DEBUG:root:Executing:Selector: High Level Ordering of Strategies
DEBUG:root:Executing:Sequence: Defense Strategy
DEBUG:root:Executing:Check: weak_planet_under_threat
DEBUG:root:Result: Check: weak_planet_under_threat -> Success
DEBUG:root:Executing:Action: reinforce_weak_planets
DEBUG:root:Order:16 10 15.0
DEBUG:root:Result: Action: reinforce_weak_planets -> Success
DEBUG:root:Result: Sequence: Defense Strategy -> Success
DEBUG:root:Result: Selector: High Level Ordering of Strategies -> Success
DEBUG:root:Finish turn

DEBUG:root:Executing:Selector: High Level Ordering of Strategies
DEBUG:root:Executing:Sequence: Defense Strategy
DEBUG:root:Executing:Check: weak_planet_under_threat
DEBUG:root:Result: Check: weak_planet_under_threat -> Failure
DEBUG:root:Result: Sequence: Defense Strategy -> Failure
DEBUG:root:Executing:Sequence: Spread Strategy
DEBUG:root:Executing:Check: if_neutral_planet_available
DEBUG:root:Result: Check: if_neutral_planet_available -> Failure
DEBUG:root:Result: Sequence: Spread Strategy -> Failure
DEBUG:root:Executing:Sequence: Offensive Strategy
DEBUG:root:Executing:Check: have_largest_fleet
DEBUG:root:Result: Check: have_largest_fleet -> Success
DEBUG:root:Executing:Action: attack_weakest_enemy_planet
DEBUG:root:Order:6 2 173.0
DEBUG:root:Bad order:6 19.0 40.0
DEBUG:root:Bad order:6 19.0 40.0
DEBUG:root:Bad order:6 19.0 33.0
DEBUG:root:Result: Action: attack_weakest_enemy_planet -> Success
DEBUG:root:Result: Sequence: Offensive Strategy -> Success
DEBUG:root:Result: Selector: High Level Ordering of Strategies -> Success
DEBUG:root:Finish turn

DEBUG:root:Executing:Selector: High Level Ordering of Strategies
DEBUG:root:Executing:Sequence: Defense Strategy
DEBUG:root:Executing:Check: weak_planet_under_threat
DEBUG:root:Result: Check: weak_planet_under_threat -> Success
DEBUG:root:Executing:Action: reinforce_weak_planets
DEBUG:root:Order:1 6 76.0
DEBUG:root:Result: Action: reinforce_weak_planets -> Success
DEBUG:root:Result: Sequence: Defense Strategy -> Success
DEBUG:root:Result: Selector: High Level Ordering of Strategies -> Success
DEBUG:root:Finish turn

DEBUG:root:Executing:Selector: High Level Ordering of Strategies
DEBUG:root:Executing:Sequence: Defense Strategy
DEBUG:root:Executing:Check: weak_planet_under_threat
DEBUG:root:Result: Check: weak_planet_under_threat -> Success
DEBUG:root:Executing:Action: reinforce_weak_planets
DEBUG:root:Order:12 6 75.0
DEBUG:root:Result: Action: reinforce_weak_planets -> Success
DEBUG:root:Result: Sequence: Defense Strategy -> Success
DEBUG:root:Result: Selector: High Level Ordering of Strategies -> Success
DEBUG:root:Finish turn

DEBUG:root:Executing:Selector: High Level Ordering of Strategies
DEBUG:root:Executing:Sequence: Defense Strategy
DEBUG:root:Executing:Check: weak_planet_under_threat
DEBUG:root:Result: Check: weak_planet_under_threat -> Success
DEBUG:root:Executing:Action: reinforce_weak_planets
DEBUG:root:Order:15 6 74.0
DEBUG:root:Result: Action: reinforce_weak_planets -> Success
DEBUG:root:Result: Sequence: Defense Strategy -> Success
DEBUG:root:Result: Selector: High Level Ordering of Strategies -> Success
DEBUG:root:Finish turn

DEBUG:root:Executing:Selector: High Level Ordering of Strategies
DEBUG:root:Executing:Sequence: Defense Strategy
DEBUG:root:Executing:Check: weak_planet_under_threat
DEBUG:root:Result: Check: weak_planet_under_threat -> Success
DEBUG:root:Executing:Action: reinforce_weak_planets
DEBUG:root:Order:0 6 73.0
DEBUG:root:Result: Action: reinforce_weak_planets -> Success
DEBUG:root:Result: Sequence: Defense Strategy -> Success
DEBUG:root:Result: Selector: High Level Ordering of Strategies -> Success
DEBUG:root:Finish turn

DEBUG:root:Executing:Selector: High Level Ordering of Strategies
DEBUG:root:Executing:Sequence: Defense Strategy
DEBUG:root:Executing:Check: weak_planet_under_threat
DEBUG:root:Result: Check: weak_planet_under_threat -> Success
DEBUG:root:Executing:Action: reinforce_weak_planets
DEBUG:root:Order:4 6 72.0
DEBUG:root:Result: Action: reinforce_weak_planets -> Success
DEBUG:root:Result: Sequence: Defense Strategy -> Success
DEBUG:root:Result: Selector: High Level Ordering of Strategies -> Success
DEBUG:root:Finish turn

DEBUG:root:Executing:Selector: High Level Ordering of Strategies
DEBUG:root:Executing:Sequence: Defense Strategy
DEBUG:root:Executing:Check: weak_planet_under_threat
DEBUG:root:Result: Check: weak_planet_under_threat -> Success
DEBUG:root:Executing:Action: reinforce_weak_planets
DEBUG:root:Order:22 6 71.0
DEBUG:root:Result: Action: reinforce_weak_planets -> Success
DEBUG:root:Result: Sequence: Defense Strategy -> Success
DEBUG:root:Result: Selector: High Level Ordering of Strategies -> Success
DEBUG:root:Finish turn

DEBUG:root:Executing:Selector: High Level Ordering of Strategies
DEBUG:root:Executing:Sequence: Defense Strategy
DEBUG:root:Executing:Check: weak_planet_under_threat
DEBUG:root:Result: Check: weak_planet_under_threat -> Success
DEBUG:root:Executing:Action: reinforce_weak_planets
DEBUG:root:Order:14 6 70.0
DEBUG:root:Result: Action: reinforce_weak_planets -> Success
DEBUG:root:Result: Sequence: Defense Strategy -> Success
DEBUG:root:Result: Selector: High Level Ordering of Strategies -> Success
DEBUG:root:Finish turn

DEBUG:root:Executing:Selector: High Level Ordering of Strategies
DEBUG:root:Executing:Sequence: Defense Strategy
DEBUG:root:Executing:Check: weak_planet_under_threat
DEBUG:root:Result: Check: weak_planet_under_threat -> Success
DEBUG:root:Executing:Action: reinforce_weak_planets
DEBUG:root:Order:1 6 69.0
DEBUG:root:Result: Action: reinforce_weak_planets -> Success
DEBUG:root:Result: Sequence: Defense Strategy -> Success
DEBUG:root:Result: Selector: High Level Ordering of Strategies -> Success
DEBUG:root:Finish turn

DEBUG:root:Executing:Selector: High Level Ordering of Strategies
DEBUG:root:Executing:Sequence: Defense Strategy
DEBUG:root:Executing:Check: weak_planet_under_threat
DEBUG:root:Result: Check: weak_planet_under_threat -> Success
DEBUG:root:Executing:Action: reinforce_weak_planets
DEBUG:root:Order:12 6 68.0
DEBUG:root:Result: Action: reinforce_weak_planets -> Success
DEBUG:root:Result: Sequence: Defense Strategy -> Success
DEBUG:root:Result: Selector: High Level Ordering of Strategies -> Success
DEBUG:root:Finish turn

DEBUG:root:Executing:Selector: High Level Ordering of Strategies
DEBUG:root:Executing:Sequence: Defense Strategy
DEBUG:root:Executing:Check: weak_planet_under_threat
DEBUG:root:Result: Check: weak_planet_under_threat -> Failure
DEBUG:root:Result: Sequence: Defense Strategy -> Failure
DEBUG:root:Executing:Sequence: Spread Strategy
DEBUG:root:Executing:Check: if_neutral_planet_available
DEBUG:root:Result: Check: if_neutral_planet_available -> Failure
DEBUG:root:Result: Sequence: Spread Strategy -> Failure
DEBUG:root:Executing:Sequence: Offensive Strategy
DEBUG:root:Executing:Check: have_largest_fleet
DEBUG:root:Result: Check: have_largest_fleet -> Success
DEBUG:root:Executing:Action: attack_weakest_enemy_planet
DEBUG:root:Result: Action: attack_weakest_enemy_planet -> Success
DEBUG:root:Result: Sequence: Offensive Strategy -> Success
DEBUG:root:Result: Selector: High Level Ordering of Strategies -> Success
DEBUG:root:Finish turn

DEBUG:root:Executing:Selector: High Level Ordering of Strategies
DEBUG:root:Executing:Sequence: Defense Strategy
DEBUG:root:Executing:Check: weak_planet_under_threat
DEBUG:root:Result: Check: weak_planet_under_threat -> Failure
DEBUG:root:Result: Sequence: Defense Strategy -> Failure
DEBUG:root:Executing:Sequence: Spread Strategy
DEBUG:root:Executing:Check: if_neutral_planet_available
DEBUG:root:Result: Check: if_neutral_planet_available -> Failure
DEBUG:root:Result: Sequence: Spread Strategy -> Failure
DEBUG:root:Executing:Sequence: Offensive Strategy
DEBUG:root:Executing:Check: have_largest_fleet
DEBUG:root:Result: Check: have_largest_fleet -> Success
DEBUG:root:Executing:Action: attack_weakest_enemy_planet
DEBUG:root:Result: Action: attack_weakest_enemy_planet -> Success
DEBUG:root:Result: Sequence: Offensive Strategy -> Success
DEBUG:root:Result: Selector: High Level Ordering of Strategies -> Success
DEBUG:root:Finish turn

DEBUG:root:Executing:Selector: High Level Ordering of Strategies
DEBUG:root:Executing:Sequence: Defense Strategy
DEBUG:root:Executing:Check: weak_planet_under_threat
DEBUG:root:Result: Check: weak_planet_under_threat -> Failure
DEBUG:root:Result: Sequence: Defense Strategy -> Failure
DEBUG:root:Executing:Sequence: Spread Strategy
DEBUG:root:Executing:Check: if_neutral_planet_available
DEBUG:root:Result: Check: if_neutral_planet_available -> Failure
DEBUG:root:Result: Sequence: Spread Strategy -> Failure
DEBUG:root:Executing:Sequence: Offensive Strategy
DEBUG:root:Executing:Check: have_largest_fleet
DEBUG:root:Result: Check: have_largest_fleet -> Success
DEBUG:root:Executing:Action: attack_weakest_enemy_planet
DEBUG:root:Result: Action: attack_weakest_enemy_planet -> Success
DEBUG:root:Result: Sequence: Offensive Strategy -> Success
DEBUG:root:Result: Selector: High Level Ordering of Strategies -> Success
DEBUG:root:Finish turn

DEBUG:root:Executing:Selector: High Level Ordering of Strategies
DEBUG:root:Executing:Sequence: Defense Strategy
DEBUG:root:Executing:Check: weak_planet_under_threat
DEBUG:root:Result: Check: weak_planet_under_threat -> Failure
DEBUG:root:Result: Sequence: Defense Strategy -> Failure
DEBUG:root:Executing:Sequence: Spread Strategy
DEBUG:root:Executing:Check: if_neutral_planet_available
DEBUG:root:Result: Check: if_neutral_planet_available -> Failure
DEBUG:root:Result: Sequence: Spread Strategy -> Failure
DEBUG:root:Executing:Sequence: Offensive Strategy
DEBUG:root:Executing:Check: have_largest_fleet
DEBUG:root:Result: Check: have_largest_fleet -> Success
DEBUG:root:Executing:Action: attack_weakest_enemy_planet
DEBUG:root:Result: Action: attack_weakest_enemy_planet -> Success
DEBUG:root:Result: Sequence: Offensive Strategy -> Success
DEBUG:root:Result: Selector: High Level Ordering of Strategies -> Success
DEBUG:root:Finish turn

DEBUG:root:Executing:Selector: High Level Ordering of Strategies
DEBUG:root:Executing:Sequence: Defense Strategy
DEBUG:root:Executing:Check: weak_planet_under_threat
DEBUG:root:Result: Check: weak_planet_under_threat -> Failure
DEBUG:root:Result: Sequence: Defense Strategy -> Failure
DEBUG:root:Executing:Sequence: Spread Strategy
DEBUG:root:Executing:Check: if_neutral_planet_available
DEBUG:root:Result: Check: if_neutral_planet_available -> Failure
DEBUG:root:Result: Sequence: Spread Strategy -> Failure
DEBUG:root:Executing:Sequence: Offensive Strategy
DEBUG:root:Executing:Check: have_largest_fleet
DEBUG:root:Result: Check: have_largest_fleet -> Success
DEBUG:root:Executing:Action: attack_weakest_enemy_planet
DEBUG:root:Result: Action: attack_weakest_enemy_planet -> Success
DEBUG:root:Result: Sequence: Offensive Strategy -> Success
DEBUG:root:Result: Selector: High Level Ordering of Strategies -> Success
DEBUG:root:Finish turn

DEBUG:root:Executing:Selector: High Level Ordering of Strategies
DEBUG:root:Executing:Sequence: Defense Strategy
DEBUG:root:Executing:Check: weak_planet_under_threat
DEBUG:root:Result: Check: weak_planet_under_threat -> Failure
DEBUG:root:Result: Sequence: Defense Strategy -> Failure
DEBUG:root:Executing:Sequence: Spread Strategy
DEBUG:root:Executing:Check: if_neutral_planet_available
DEBUG:root:Result: Check: if_neutral_planet_available -> Failure
DEBUG:root:Result: Sequence: Spread Strategy -> Failure
DEBUG:root:Executing:Sequence: Offensive Strategy
DEBUG:root:Executing:Check: have_largest_fleet
DEBUG:root:Result: Check: have_largest_fleet -> Success
DEBUG:root:Executing:Action: attack_weakest_enemy_planet
DEBUG:root:Result: Action: attack_weakest_enemy_planet -> Success
DEBUG:root:Result: Sequence: Offensive Strategy -> Success
DEBUG:root:Result: Selector: High Level Ordering of Strategies -> Success
DEBUG:root:Finish turn

DEBUG:root:Executing:Selector: High Level Ordering of Strategies
DEBUG:root:Executing:Sequence: Defense Strategy
DEBUG:root:Executing:Check: weak_planet_under_threat
DEBUG:root:Result: Check: weak_planet_under_threat -> Failure
DEBUG:root:Result: Sequence: Defense Strategy -> Failure
DEBUG:root:Executing:Sequence: Spread Strategy
DEBUG:root:Executing:Check: if_neutral_planet_available
DEBUG:root:Result: Check: if_neutral_planet_available -> Failure
DEBUG:root:Result: Sequence: Spread Strategy -> Failure
DEBUG:root:Executing:Sequence: Offensive Strategy
DEBUG:root:Executing:Check: have_largest_fleet
DEBUG:root:Result: Check: have_largest_fleet -> Success
DEBUG:root:Executing:Action: attack_weakest_enemy_planet
DEBUG:root:Result: Action: attack_weakest_enemy_planet -> Success
DEBUG:root:Result: Sequence: Offensive Strategy -> Success
DEBUG:root:Result: Selector: High Level Ordering of Strategies -> Success
DEBUG:root:Finish turn

DEBUG:root:Executing:Selector: High Level Ordering of Strategies
DEBUG:root:Executing:Sequence: Defense Strategy
DEBUG:root:Executing:Check: weak_planet_under_threat
DEBUG:root:Result: Check: weak_planet_under_threat -> Failure
DEBUG:root:Result: Sequence: Defense Strategy -> Failure
DEBUG:root:Executing:Sequence: Spread Strategy
DEBUG:root:Executing:Check: if_neutral_planet_available
DEBUG:root:Result: Check: if_neutral_planet_available -> Failure
DEBUG:root:Result: Sequence: Spread Strategy -> Failure
DEBUG:root:Executing:Sequence: Offensive Strategy
DEBUG:root:Executing:Check: have_largest_fleet
DEBUG:root:Result: Check: have_largest_fleet -> Success
DEBUG:root:Executing:Action: attack_weakest_enemy_planet
DEBUG:root:Result: Action: attack_weakest_enemy_planet -> Success
DEBUG:root:Result: Sequence: Offensive Strategy -> Success
DEBUG:root:Result: Selector: High Level Ordering of Strategies -> Success
DEBUG:root:Finish turn

DEBUG:root:Executing:Selector: High Level Ordering of Strategies
DEBUG:root:Executing:Sequence: Defense Strategy
DEBUG:root:Executing:Check: weak_planet_under_threat
DEBUG:root:Result: Check: weak_planet_under_threat -> Failure
DEBUG:root:Result: Sequence: Defense Strategy -> Failure
DEBUG:root:Executing:Sequence: Spread Strategy
DEBUG:root:Executing:Check: if_neutral_planet_available
DEBUG:root:Result: Check: if_neutral_planet_available -> Failure
DEBUG:root:Result: Sequence: Spread Strategy -> Failure
DEBUG:root:Executing:Sequence: Offensive Strategy
DEBUG:root:Executing:Check: have_largest_fleet
DEBUG:root:Result: Check: have_largest_fleet -> Success
DEBUG:root:Executing:Action: attack_weakest_enemy_planet
DEBUG:root:Result: Action: attack_weakest_enemy_planet -> Success
DEBUG:root:Result: Sequence: Offensive Strategy -> Success
DEBUG:root:Result: Selector: High Level Ordering of Strategies -> Success
DEBUG:root:Finish turn

DEBUG:root:Executing:Selector: High Level Ordering of Strategies
DEBUG:root:Executing:Sequence: Defense Strategy
DEBUG:root:Executing:Check: weak_planet_under_threat
DEBUG:root:Result: Check: weak_planet_under_threat -> Failure
DEBUG:root:Result: Sequence: Defense Strategy -> Failure
DEBUG:root:Executing:Sequence: Spread Strategy
DEBUG:root:Executing:Check: if_neutral_planet_available
DEBUG:root:Result: Check: if_neutral_planet_available -> Failure
DEBUG:root:Result: Sequence: Spread Strategy -> Failure
DEBUG:root:Executing:Sequence: Offensive Strategy
DEBUG:root:Executing:Check: have_largest_fleet
DEBUG:root:Result: Check: have_largest_fleet -> Success
DEBUG:root:Executing:Action: attack_weakest_enemy_planet
DEBUG:root:Result: Action: attack_weakest_enemy_planet -> Success
DEBUG:root:Result: Sequence: Offensive Strategy -> Success
DEBUG:root:Result: Selector: High Level Ordering of Strategies -> Success
DEBUG:root:Finish turn

DEBUG:root:Executing:Selector: High Level Ordering of Strategies
DEBUG:root:Executing:Sequence: Defense Strategy
DEBUG:root:Executing:Check: weak_planet_under_threat
DEBUG:root:Result: Check: weak_planet_under_threat -> Failure
DEBUG:root:Result: Sequence: Defense Strategy -> Failure
DEBUG:root:Executing:Sequence: Spread Strategy
DEBUG:root:Executing:Check: if_neutral_planet_available
DEBUG:root:Result: Check: if_neutral_planet_available -> Failure
DEBUG:root:Result: Sequence: Spread Strategy -> Failure
DEBUG:root:Executing:Sequence: Offensive Strategy
DEBUG:root:Executing:Check: have_largest_fleet
DEBUG:root:Result: Check: have_largest_fleet -> Success
DEBUG:root:Executing:Action: attack_weakest_enemy_planet
DEBUG:root:Result: Action: attack_weakest_enemy_planet -> Success
DEBUG:root:Result: Sequence: Offensive Strategy -> Success
DEBUG:root:Result: Selector: High Level Ordering of Strategies -> Success
DEBUG:root:Finish turn

DEBUG:root:Executing:Selector: High Level Ordering of Strategies
DEBUG:root:Executing:Sequence: Defense Strategy
DEBUG:root:Executing:Check: weak_planet_under_threat
DEBUG:root:Result: Check: weak_planet_under_threat -> Failure
DEBUG:root:Result: Sequence: Defense Strategy -> Failure
DEBUG:root:Executing:Sequence: Spread Strategy
DEBUG:root:Executing:Check: if_neutral_planet_available
DEBUG:root:Result: Check: if_neutral_planet_available -> Failure
DEBUG:root:Result: Sequence: Spread Strategy -> Failure
DEBUG:root:Executing:Sequence: Offensive Strategy
DEBUG:root:Executing:Check: have_largest_fleet
DEBUG:root:Result: Check: have_largest_fleet -> Success
DEBUG:root:Executing:Action: attack_weakest_enemy_planet
DEBUG:root:Result: Action: attack_weakest_enemy_planet -> Success
DEBUG:root:Result: Sequence: Offensive Strategy -> Success
DEBUG:root:Result: Selector: High Level Ordering of Strategies -> Success
DEBUG:root:Finish turn

DEBUG:root:Executing:Selector: High Level Ordering of Strategies
DEBUG:root:Executing:Sequence: Defense Strategy
DEBUG:root:Executing:Check: weak_planet_under_threat
DEBUG:root:Result: Check: weak_planet_under_threat -> Failure
DEBUG:root:Result: Sequence: Defense Strategy -> Failure
DEBUG:root:Executing:Sequence: Spread Strategy
DEBUG:root:Executing:Check: if_neutral_planet_available
DEBUG:root:Result: Check: if_neutral_planet_available -> Failure
DEBUG:root:Result: Sequence: Spread Strategy -> Failure
DEBUG:root:Executing:Sequence: Offensive Strategy
DEBUG:root:Executing:Check: have_largest_fleet
DEBUG:root:Result: Check: have_largest_fleet -> Success
DEBUG:root:Executing:Action: attack_weakest_enemy_planet
DEBUG:root:Result: Action: attack_weakest_enemy_planet -> Success
DEBUG:root:Result: Sequence: Offensive Strategy -> Success
DEBUG:root:Result: Selector: High Level Ordering of Strategies -> Success
DEBUG:root:Finish turn

DEBUG:root:Executing:Selector: High Level Ordering of Strategies
DEBUG:root:Executing:Sequence: Defense Strategy
DEBUG:root:Executing:Check: weak_planet_under_threat
DEBUG:root:Result: Check: weak_planet_under_threat -> Failure
DEBUG:root:Result: Sequence: Defense Strategy -> Failure
DEBUG:root:Executing:Sequence: Spread Strategy
DEBUG:root:Executing:Check: if_neutral_planet_available
DEBUG:root:Result: Check: if_neutral_planet_available -> Failure
DEBUG:root:Result: Sequence: Spread Strategy -> Failure
DEBUG:root:Executing:Sequence: Offensive Strategy
DEBUG:root:Executing:Check: have_largest_fleet
DEBUG:root:Result: Check: have_largest_fleet -> Success
DEBUG:root:Executing:Action: attack_weakest_enemy_planet
DEBUG:root:Result: Action: attack_weakest_enemy_planet -> Success
DEBUG:root:Result: Sequence: Offensive Strategy -> Success
DEBUG:root:Result: Selector: High Level Ordering of Strategies -> Success
DEBUG:root:Finish turn

