DEBUG:root:Order:2 3 10.0
DEBUG:root:Finish turn

DEBUG:root:Order:2 4 10.0
DEBUG:root:Finish turn

DEBUG:root:Order:2 19 15.0
DEBUG:root:Finish turn

DEBUG:root:Order:2 20 15.0
DEBUG:root:Order:2 4 32
DEBUG:root:Finish turn

DEBUG:root:Order:2 15 20.0
DEBUG:root:Bad order:4 3.0 8
DEBUG:root:Finish turn

DEBUG:root:Order:2 16 20.0
DEBUG:root:Order:4 0 26.0
DEBUG:root:Order:4 2 4
DEBUG:root:Finish turn

DEBUG:root:Order:2 4 1
DEBUG:root:Finish turn

DEBUG:root:Order:2 19 6
DEBUG:root:Order:4 19 2
DEBUG:root:Finish turn

DEBUG:root:Order:2 19 2
DEBUG:root:Order:2 4 2
DEBUG:root:Finish turn

DEBUG:root:Order:2 19 1
DEBUG:root:Order:4 19 1
DEBUG:root:Finish turn

DEBUG:root:Order:2 19 1
DEBUG:root:Order:2 4 2
DEBUG:root:Finish turn

DEBUG:root:Order:2 15 6
DEBUG:root:Order:4 15 5
DEBUG:root:Order:19 15 2
DEBUG:root:Finish turn

DEBUG:root:Order:2 15 1
DEBUG:root:Order:2 19 1
DEBUG:root:Order:2 4 2
DEBUG:root:Finish turn

DEBUG:root:Order:2 19 1
DEBUG:root:Order:4 19 1
DEBUG:root:Finish turn

DEBUG:root:Order:2 19 1
DEBUG:root:Order:2 4 2
DEBUG:root:Finish turn

DEBUG:root:Order:2 19 1
DEBUG:root:Finish turn

DEBUG:root:Order:2 19 2
DEBUG:root:Finish turn

DEBUG:root:Order:2 19 3
DEBUG:root:Order:2 4 1
DEBUG:root:Finish turn

DEBUG:root:Order:2 0 13
DEBUG:root:Order:15 0 13
DEBUG:root:Order:4 0 11
DEBUG:root:Order:19 0 10
DEBUG:root:Finish turn

DEBUG:root:Order:2 0 2
DEBUG:root:Order:2 19 1
DEBUG:root:Order:2 4 2
DEBUG:root:Finish turn

DEBUG:root:Order:4 0 1
DEBUG:root:Order:4 19 1
DEBUG:root:Finish turn

DEBUG:root:Order:2 19 2
DEBUG:root:Order:2 4 1
DEBUG:root:Finish turn

DEBUG:root:Order:2 19 1
DEBUG:root:Order:15 19 1
DEBUG:root:Order:15 4 1
DEBUG:root:Finish turn

DEBUG:root:Order:2 19 2
DEBUG:root:Order:2 4 1
DEBUG:root:Finish turn

DEBUG:root:Order:2 9 40.0
DEBUG:root:Order:15 2 10
DEBUG:root:Order:4 2 9
DEBUG:root:Order:19 2 8
DEBUG:root:Finish turn

DEBUG:root:Order:2 19 1
DEBUG:root:Order:2 4 1
DEBUG:root:Finish turn

DEBUG:root:Order:2 19 1
DEBUG:root:Finish turn

DEBUG:root:Order:2 19 3
DEBUG:root:Order:2 4 1
DEBUG:root:Finish turn

DEBUG:root:Order:15 10 40.0
DEBUG:root:Order:2 15 11
DEBUG:root:Order:4 15 9
DEBUG:root:Order:19 15 8
DEBUG:root:Finish turn

DEBUG:root:Order:2 19 1
DEBUG:root:Order:2 4 2
DEBUG:root:Finish turn

DEBUG:root:Order:2 19 1
DEBUG:root:Finish turn

DEBUG:root:Bad order:2 41.0 56
DEBUG:root:Bad order:4 38.0 53
DEBUG:root:Bad order:15 10.0 53
DEBUG:root:Bad order:19 30.0 50
DEBUG:root:Finish turn

DEBUG:root:Bad order:2 46.0 62
DEBUG:root:Bad order:15 21.0 57
DEBUG:root:Bad order:4 40.0 56
DEBUG:root:Bad order:19 34.0 52
DEBUG:root:Finish turn

DEBUG:root:Order:2 5 46.0
DEBUG:root:Bad order:15 24.0 67
DEBUG:root:Bad order:4 42.0 65
DEBUG:root:Bad order:19 35.0 60
DEBUG:root:Bad order:2 5.0 28
DEBUG:root:Finish turn

DEBUG:root:Bad order:15 27.0 67
DEBUG:root:Bad order:4 44.0 64
DEBUG:root:Bad order:19 37.0 58
DEBUG:root:Bad order:2 10.0 30
DEBUG:root:Finish turn

DEBUG:root:Order:15 9 19
DEBUG:root:Order:4 9 10
DEBUG:root:Order:4 2 15
DEBUG:root:Finish turn

DEBUG:root:Order:19 4 7
DEBUG:root:Order:2 4 2
DEBUG:root:Order:2 9 2
DEBUG:root:Order:15 9 1
DEBUG:root:Finish turn

DEBUG:root:Order:9 4 1
DEBUG:root:Order:9 19 1
DEBUG:root:Finish turn

DEBUG:root:Order:2 5 16
DEBUG:root:Order:15 5 14
DEBUG:root:Order:4 5 12
DEBUG:root:Bad order:9 5.0 12
DEBUG:root:Order:19 5 11
DEBUG:root:Finish turn

DEBUG:root:Bad order:9 7.0 11
DEBUG:root:Order:2 5 2
DEBUG:root:Finish turn

DEBUG:root:Bad order:9 9.0 10
DEBUG:root:Order:9 19 3
DEBUG:root:Order:9 4 1
DEBUG:root:Finish turn

DEBUG:root:Order:9 5 5
DEBUG:root:Order:2 5 3
DEBUG:root:Order:2 19 2
DEBUG:root:Order:2 4 1
DEBUG:root:Finish turn

DEBUG:root:Order:5 19 1
DEBUG:root:Finish turn

DEBUG:root:Order:2 19 2
DEBUG:root:Order:5 19 1
DEBUG:root:Order:5 4 2
DEBUG:root:Order:5 9 1
DEBUG:root:Finish turn

DEBUG:root:Order:5 11 54.0
DEBUG:root:Order:2 5 11
DEBUG:root:Order:15 5 9
DEBUG:root:Order:4 5 7
DEBUG:root:Order:9 5 7
DEBUG:root:Order:19 5 6
DEBUG:root:Finish turn

DEBUG:root:Order:2 5 2
DEBUG:root:Order:2 19 1
DEBUG:root:Order:2 4 2
DEBUG:root:Finish turn

DEBUG:root:Bad order:5 26.0 36
DEBUG:root:Order:4 10 35
DEBUG:root:Order:15 10 35
DEBUG:root:Order:2 10 34
DEBUG:root:Bad order:19 28.0 32
DEBUG:root:Finish turn

DEBUG:root:Bad order:5 31.0 42
DEBUG:root:Bad order:19 29.0 34
DEBUG:root:Order:2 10 6
DEBUG:root:Order:15 10 4
DEBUG:root:Order:4 10 3
DEBUG:root:Finish turn

DEBUG:root:Bad order:5 43.0 49
DEBUG:root:Bad order:19 33.0 37
DEBUG:root:Order:2 10 7
DEBUG:root:Order:15 10 5
DEBUG:root:Order:4 10 4
DEBUG:root:Finish turn

DEBUG:root:Order:5 12 54.0
DEBUG:root:Order:19 9 24
DEBUG:root:Order:19 5 4
DEBUG:root:Order:19 4 2
DEBUG:root:Order:19 15 1
DEBUG:root:Finish turn

DEBUG:root:Order:2 4 1
DEBUG:root:Order:2 9 1
DEBUG:root:Order:2 15 2
DEBUG:root:Order:5 15 1
DEBUG:root:Finish turn

DEBUG:root:Order:4 11 1.0
DEBUG:root:Order:15 19 8
DEBUG:root:Order:2 19 6
DEBUG:root:Order:9 19 4
DEBUG:root:Order:4 19 3
DEBUG:root:Finish turn

DEBUG:root:Order:2 19 9
DEBUG:root:Bad order:15 6.0 7
DEBUG:root:Order:4 19 6
DEBUG:root:Order:9 19 6
DEBUG:root:Finish turn

DEBUG:root:Order:15 19 7
DEBUG:root:Order:2 19 2
DEBUG:root:Order:2 4 2
DEBUG:root:Finish turn

DEBUG:root:Order:2 19 1
DEBUG:root:Order:4 19 1
DEBUG:root:Order:4 9 1
DEBUG:root:Finish turn

DEBUG:root:Order:2 4 13
DEBUG:root:Bad order:15 9.0 12
DEBUG:root:Order:9 4 10
DEBUG:root:Order:19 4 9
DEBUG:root:Order:11 4 1
DEBUG:root:Finish turn

DEBUG:root:Bad order:15 12.0 19
DEBUG:root:Bad order:2 5.0 9
DEBUG:root:Bad order:11 4.0 8
DEBUG:root:Order:9 19 6
DEBUG:root:Finish turn

DEBUG:root:Bad order:15 17.0 20
DEBUG:root:Bad order:2 10.0 12
DEBUG:root:Bad order:11 8.0 10
DEBUG:root:Finish turn

DEBUG:root:Order:15 19 20
DEBUG:root:Order:2 19 14
DEBUG:root:Order:11 19 3
DEBUG:root:Order:11 4 6
DEBUG:root:Bad order:11 3.0 11
DEBUG:root:Finish turn

DEBUG:root:Order:11 19 2
DEBUG:root:Order:11 4 1
DEBUG:root:Order:11 9 1
DEBUG:root:Finish turn

DEBUG:root:Order:9 14 62.0
DEBUG:root:Bad order:2 11.0 14
DEBUG:root:Bad order:11 7.0 10
DEBUG:root:Bad order:15 6.0 10
DEBUG:root:Order:4 9 8
DEBUG:root:Order:19 9 7
DEBUG:root:Finish turn

DEBUG:root:Bad order:2 16.0 17
DEBUG:root:Bad order:11 11.0 12
DEBUG:root:Bad order:15 10.0 11
DEBUG:root:Finish turn

DEBUG:root:Order:19 7 64.0
DEBUG:root:Bad order:2 21.0 29
DEBUG:root:Bad order:11 15.0 23
DEBUG:root:Bad order:15 13.0 21
DEBUG:root:Order:4 19 9
DEBUG:root:Finish turn

DEBUG:root:Bad order:2 26.0 32
DEBUG:root:Bad order:11 19.0 25
DEBUG:root:Bad order:15 16.0 22
DEBUG:root:Finish turn

DEBUG:root:Bad order:10 4.0 69
DEBUG:root:Bad order:10 4.0 62
DEBUG:root:Bad order:10 4.0 12
DEBUG:root:Finish turn

DEBUG:root:Bad order:10 10.0 69
DEBUG:root:Bad order:10 10.0 63
DEBUG:root:Bad order:10 10.0 12
DEBUG:root:Finish turn

DEBUG:root:Bad order:10 17.0 64
DEBUG:root:Bad order:10 17.0 59
DEBUG:root:Order:10 4 7
DEBUG:root:Order:10 14 6
DEBUG:root:Finish turn

DEBUG:root:Order:2 9 39
DEBUG:root:Order:11 9 22
DEBUG:root:Bad order:11 13.0 28
DEBUG:root:Bad order:10 6.0 25
DEBUG:root:Order:15 19 21
DEBUG:root:Order:14 19 4
DEBUG:root:Order:4 19 2
DEBUG:root:Finish turn

DEBUG:root:Bad order:10 8.0 24
DEBUG:root:Order:11 19 7
DEBUG:root:Order:2 19 2
DEBUG:root:Order:14 19 1
DEBUG:root:Finish turn

DEBUG:root:Order:10 2 28
DEBUG:root:Order:11 2 2
DEBUG:root:Order:11 19 6
DEBUG:root:Order:14 19 6
DEBUG:root:Order:15 19 5
DEBUG:root:Order:4 19 2
DEBUG:root:Finish turn

DEBUG:root:Order:2 19 1
DEBUG:root:Order:14 19 1
DEBUG:root:Order:14 10 1
DEBUG:root:Finish turn

DEBUG:root:Order:19 8 64.0
DEBUG:root:Order:2 19 11
DEBUG:root:Order:11 19 9
DEBUG:root:Bad order:14 8.0 9
DEBUG:root:Order:15 19 9
DEBUG:root:Order:4 19 8
DEBUG:root:Order:10 19 8
DEBUG:root:Finish turn

DEBUG:root:Order:14 4 2
DEBUG:root:Order:14 10 2
DEBUG:root:Order:14 15 1
DEBUG:root:Bad order:14 7.0 8
DEBUG:root:Finish turn

DEBUG:root:Order:14 4 1
DEBUG:root:Order:14 10 1
DEBUG:root:Order:14 15 4
DEBUG:root:Finish turn

DEBUG:root:Order:15 11 14
DEBUG:root:Bad order:14 9.0 10
DEBUG:root:Order:4 11 9
DEBUG:root:Order:10 11 9
DEBUG:root:Finish turn

DEBUG:root:Order:14 11 11
DEBUG:root:Finish turn

DEBUG:root:Order:14 19 5
DEBUG:root:Order:15 19 4
DEBUG:root:Order:11 19 3
DEBUG:root:Order:4 19 2
DEBUG:root:Order:10 19 2
DEBUG:root:Finish turn

DEBUG:root:Order:11 10 6
DEBUG:root:Bad order:14 5.0 6
DEBUG:root:Order:15 10 5
DEBUG:root:Finish turn

DEBUG:root:Order:9 10 28
DEBUG:root:Order:9 8 9
DEBUG:root:Order:9 15 2
DEBUG:root:Order:9 11 1
DEBUG:root:Finish turn

DEBUG:root:Order:14 8 2
DEBUG:root:Order:14 9 1
DEBUG:root:Order:14 10 1
DEBUG:root:Order:14 15 5
DEBUG:root:Finish turn

DEBUG:root:Order:15 8 2
DEBUG:root:Order:15 14 2
DEBUG:root:Order:15 9 1
DEBUG:root:Order:15 10 1
DEBUG:root:Finish turn

DEBUG:root:Order:7 8 7
DEBUG:root:Order:7 9 6
DEBUG:root:Order:7 10 6
DEBUG:root:Order:7 15 6
DEBUG:root:Order:7 14 4
DEBUG:root:Order:7 11 2
DEBUG:root:Finish turn

DEBUG:root:Order:7 8 1
DEBUG:root:Order:7 9 1
DEBUG:root:Order:11 9 1
DEBUG:root:Order:14 9 1
DEBUG:root:Finish turn

DEBUG:root:Order:9 7 1
DEBUG:root:Order:11 7 1
DEBUG:root:Order:11 8 1
DEBUG:root:Order:14 8 1
DEBUG:root:Finish turn

DEBUG:root:Order:14 7 2
DEBUG:root:Order:14 8 2
DEBUG:root:Finish turn

DEBUG:root:Order:11 7 1
DEBUG:root:Order:11 8 1
DEBUG:root:Order:11 9 2
DEBUG:root:Order:15 9 1
DEBUG:root:Finish turn

DEBUG:root:Order:9 7 2
DEBUG:root:Order:9 8 2
DEBUG:root:Finish turn

DEBUG:root:Order:14 9 2
DEBUG:root:Order:14 7 1
DEBUG:root:Order:14 8 1
DEBUG:root:Finish turn

DEBUG:root:Order:11 7 2
DEBUG:root:Order:11 8 2
DEBUG:root:Order:11 9 1
DEBUG:root:Finish turn

DEBUG:root:Order:15 7 1
DEBUG:root:Order:15 8 1
DEBUG:root:Order:15 9 2
DEBUG:root:Order:14 9 1
DEBUG:root:Finish turn

DEBUG:root:Order:9 7 2
DEBUG:root:Order:9 8 2
DEBUG:root:Order:9 15 1
DEBUG:root:Finish turn

DEBUG:root:Order:14 9 3
DEBUG:root:Order:14 7 1
DEBUG:root:Order:14 8 1
DEBUG:root:Finish turn

DEBUG:root:Order:11 7 2
DEBUG:root:Order:11 8 2
DEBUG:root:Order:11 9 1
DEBUG:root:Finish turn

DEBUG:root:Order:14 9 15
DEBUG:root:Order:15 9 15
DEBUG:root:Order:11 9 4
DEBUG:root:Order:11 8 14
DEBUG:root:Order:7 8 8
DEBUG:root:Finish turn

DEBUG:root:Order:7 8 8
DEBUG:root:Order:14 8 7
DEBUG:root:Order:15 8 6
DEBUG:root:Order:9 8 5
DEBUG:root:Order:11 8 3
DEBUG:root:Finish turn

DEBUG:root:Order:11 8 8
DEBUG:root:Order:14 8 8
DEBUG:root:Order:15 8 7
DEBUG:root:Order:9 8 6
DEBUG:root:Order:7 8 5
DEBUG:root:Finish turn

DEBUG:root:Order:11 8 10
DEBUG:root:Order:14 8 10
DEBUG:root:Order:15 8 9
DEBUG:root:Order:9 8 8
DEBUG:root:Order:7 8 7
DEBUG:root:Finish turn

DEBUG:root:Order:11 8 16
DEBUG:root:Order:14 8 16
DEBUG:root:Order:15 8 6
DEBUG:root:Order:15 7 15
DEBUG:root:Order:9 7 8
DEBUG:root:Finish turn

DEBUG:root:Order:9 7 10
DEBUG:root:Order:11 7 6
DEBUG:root:Order:14 7 6
DEBUG:root:Order:8 7 3
DEBUG:root:Finish turn

DEBUG:root:Bad order:11 16.0 17
DEBUG:root:Order:14 8 17
DEBUG:root:Order:9 8 15
DEBUG:root:Bad order:15 9.0 13
DEBUG:root:Bad order:15 9.0 15
DEBUG:root:Finish turn

DEBUG:root:Bad order:11 20.0 32
DEBUG:root:Bad order:15 12.0 29
DEBUG:root:Bad order:14 5.0 15
DEBUG:root:Finish turn

DEBUG:root:Bad order:11 26.0 33
DEBUG:root:Bad order:15 21.0 29
DEBUG:root:Bad order:14 9.0 16
DEBUG:root:Finish turn

DEBUG:root:Bad order:11 30.0 35
DEBUG:root:Bad order:15 24.0 30
DEBUG:root:Bad order:14 13.0 18
DEBUG:root:Finish turn

DEBUG:root:Bad order:11 34.0 43
DEBUG:root:Bad order:15 27.0 37
DEBUG:root:Bad order:14 17.0 26
DEBUG:root:Finish turn

DEBUG:root:Bad order:11 38.0 62
DEBUG:root:Bad order:15 30.0 55
DEBUG:root:Finish turn

DEBUG:root:Bad order:11 42.0 71
DEBUG:root:Bad order:15 34.0 63
DEBUG:root:Order:14 7 4
DEBUG:root:Finish turn

DEBUG:root:Order:11 7 40
DEBUG:root:Order:15 7 29
DEBUG:root:Bad order:15 8.0 24
DEBUG:root:Finish turn

DEBUG:root:Bad order:14 29.0 32
DEBUG:root:Order:14 8 18
DEBUG:root:Finish turn

DEBUG:root:Bad order:14 15.0 36
DEBUG:root:Bad order:15 14.0 29
DEBUG:root:Finish turn

DEBUG:root:Bad order:14 19.0 37
DEBUG:root:Bad order:15 17.0 29
DEBUG:root:Finish turn

DEBUG:root:Order:14 15 4
DEBUG:root:Finish turn

DEBUG:root:Finish turn

DEBUG:root:Finish turn

DEBUG:root:Finish turn

DEBUG:root:Finish turn

DEBUG:root:Finish turn

DEBUG:root:Finish turn

DEBUG:root:Finish turn

DEBUG:root:Finish turn

DEBUG:root:Finish turn

DEBUG:root:Finish turn

DEBUG:root:Finish turn

DEBUG:root:Finish turn

DEBUG:root:Finish turn

DEBUG:root:Finish turn

DEBUG:root:Finish turn

